#
# There is insufficient memory for the Java Runtime Environment to continue.
# Native memory allocation (malloc) failed to allocate 1048576 bytes. Error detail: AllocateHeap
# Possible reasons:
#   The system is out of physical RAM or swap space
#   This process is running with CompressedOops enabled, and the Java Heap may be blocking the growth of the native heap
# Possible solutions:
#   Reduce memory load on the system
#   Increase physical memory or swap space
#   Check if swap backing store is full
#   Decrease Java heap size (-Xmx/-Xms)
#   Decrease number of Java threads
#   Decrease Java thread stack sizes (-Xss)
#   Set larger code cache with -XX:ReservedCodeCacheSize=
#   JVM is running with Unscaled Compressed Oops mode in which the Java heap is
#     placed in the first 4GB address space. The Java Heap base address is the
#     maximum limit for the native heap growth. Please use -XX:HeapBaseMinAddress
#     to set the Java Heap base and to place the Java Heap above 4GB virtual address.
# This output file may be truncated or incomplete.
#
#  Out of Memory Error (allocation.cpp:44), pid=7848, tid=23788
#
# JRE version: OpenJDK Runtime Environment Temurin-21.0.10+7 (21.0.10+7) (build 21.0.10+7-LTS)
# Java VM: OpenJDK 64-Bit Server VM Temurin-21.0.10+7 (21.0.10+7-LTS, mixed mode, sharing, tiered, compressed oops, compressed class ptrs, parallel gc, windows-amd64)
# No core dump will be written. Minidumps are not enabled by default on client versions of Windows
#

---------------  S U M M A R Y ------------

Command Line: --add-modules=ALL-SYSTEM --add-opens=java.base/java.util=ALL-UNNAMED --add-opens=java.base/java.lang=ALL-UNNAMED --add-opens=java.base/sun.nio.fs=ALL-UNNAMED -Declipse.application=org.eclipse.jdt.ls.core.id1 -Dosgi.bundles.defaultStartLevel=4 -Declipse.product=org.eclipse.jdt.ls.core.product -Djava.import.generatesMetadataFilesAtProjectRoot=false -DDetectVMInstallationsJob.disabled=true -Dfile.encoding=utf8 -XX:+UseParallelGC -XX:GCTimeRatio=4 -XX:AdaptiveSizePolicyWeight=90 -Dsun.zip.disableMemoryMapping=true -Xmx2G -Xms100m -Xlog:disable -javaagent:c:\Users\suyuluo\.cursor\extensions\redhat.java-1.53.0-win32-x64\lombok\lombok-1.18.39-4050.jar -XX:+HeapDumpOnOutOfMemoryError -XX:HeapDumpPath=c:\Users\suyuluo\AppData\Roaming\Cursor\User\workspaceStorage\20d79888ae8e972b674dbfa889bd03dd\redhat.java -Daether.dependencyCollector.impl=bf c:\Users\suyuluo\.cursor\extensions\redhat.java-1.53.0-win32-x64\server\plugins\org.eclipse.equinox.launcher_1.7.100.v20251111-0406.jar -configuration c:\Users\suyuluo\AppData\Roaming\Cursor\User\globalStorage\redhat.java\1.53.0\config_win -data c:\Users\suyuluo\AppData\Roaming\Cursor\User\workspaceStorage\20d79888ae8e972b674dbfa889bd03dd\redhat.java\jdt_ws --pipe=\\.\pipe\lsp-90094d77f57643de3978a83159dd36d5-sock

Host: Intel(R) Core(TM) i9-14900HX, 32 cores, 15G,  Windows 11 , 64 bit Build 26100 (10.0.26100.7920)
Time: Fri Mar 27 08:57:43 2026 elapsed time: 35194.111594 seconds (0d 9h 46m 34s)

---------------  T H R E A D  ---------------

Current thread (0x000001be13735d50):  JavaThread "Attach Listener" daemon [_thread_in_vm, id=23788, stack(0x000000b89e900000,0x000000b89ea00000) (1024K)]

Stack: [0x000000b89e900000,0x000000b89ea00000]
Native frames: (J=compiled Java code, j=interpreted, Vv=VM code, C=native code)
V  [jvm.dll+0x6d7a39]
V  [jvm.dll+0x8b4b26]
V  [jvm.dll+0x8b70de]
V  [jvm.dll+0x8b77c3]
V  [jvm.dll+0x284346]
V  [jvm.dll+0xc1277]
V  [jvm.dll+0x6d82e9]
V  [jvm.dll+0x1334a6]
V  [jvm.dll+0x3f857e]
V  [jvm.dll+0x85f59d]
V  [jvm.dll+0x6d626d]
C  [ucrtbase.dll+0x37b0]
C  [KERNEL32.DLL+0x2e8d7]
C  [ntdll.dll+0x8c48c]


---------------  P R O C E S S  ---------------

Threads class SMR info:
_java_thread_list=0x000001be1e276f60, length=58, elements={
0x000001bdb83f3880, 0x000001bdba70c330, 0x000001bdba70ce90, 0x000001be137350f0,
0x000001be13735d50, 0x000001be1373f330, 0x000001be13743510, 0x000001be137468f0,
0x000001be1374a170, 0x000001be139347f0, 0x000001be1b1a4940, 0x000001be1bceb970,
0x000001be1b6432c0, 0x000001be1bac0040, 0x000001be1babcc70, 0x000001be1c19c570,
0x000001be1c3c24a0, 0x000001be1bb51820, 0x000001be1bb51eb0, 0x000001be1bb54ca0,
0x000001be1e3fe230, 0x000001be1e3fef50, 0x000001be1e3ffc70, 0x000001be1e3ff5e0,
0x000001be1e400300, 0x000001be1e400990, 0x000001be1e3fd510, 0x000001be1e401020,
0x000001be1e3fdba0, 0x000001be1e402a60, 0x000001be1e4044a0, 0x000001be1e4016b0,
0x000001be1e4030f0, 0x000001be1e403780, 0x000001be1e403e10, 0x000001be1e404b30,
0x000001be1e4023d0, 0x000001be1e401d40, 0x000001be1e4ffc30, 0x000001be1e5002c0,
0x000001be1e4fd4d0, 0x000001be1e500950, 0x000001be1e4fdb60, 0x000001be1e4fef10,
0x000001be1e500fe0, 0x000001be1e501670, 0x000001be1e4fe1f0, 0x000001be1e501d00,
0x000001be1e4fe880, 0x000001be1e502390, 0x000001be1e502a20, 0x000001be1e4ff5a0,
0x000001be1e5030b0, 0x000001be1e504460, 0x000001be1e504af0, 0x000001be1e503dd0,
0x000001be1c773650, 0x000001be239b2050
}

Java Threads: ( => current thread )
  0x000001bdb83f3880 JavaThread "main"                              [_thread_blocked, id=23868, stack(0x000000b89e200000,0x000000b89e300000) (1024K)]
  0x000001bdba70c330 JavaThread "Reference Handler"          daemon [_thread_blocked, id=12140, stack(0x000000b89e600000,0x000000b89e700000) (1024K)]
  0x000001bdba70ce90 JavaThread "Finalizer"                  daemon [_thread_blocked, id=9412, stack(0x000000b89e700000,0x000000b89e800000) (1024K)]
  0x000001be137350f0 JavaThread "Signal Dispatcher"          daemon [_thread_blocked, id=11952, stack(0x000000b89e800000,0x000000b89e900000) (1024K)]
=>0x000001be13735d50 JavaThread "Attach Listener"            daemon [_thread_in_vm, id=23788, stack(0x000000b89e900000,0x000000b89ea00000) (1024K)]
  0x000001be1373f330 JavaThread "Service Thread"             daemon [_thread_blocked, id=3756, stack(0x000000b89ea00000,0x000000b89eb00000) (1024K)]
  0x000001be13743510 JavaThread "Monitor Deflation Thread"   daemon [_thread_blocked, id=3848, stack(0x000000b89eb00000,0x000000b89ec00000) (1024K)]
  0x000001be137468f0 JavaThread "C2 CompilerThread0"         daemon [_thread_blocked, id=24636, stack(0x000000b89ec00000,0x000000b89ed00000) (1024K)]
  0x000001be1374a170 JavaThread "C1 CompilerThread0"         daemon [_thread_blocked, id=3088, stack(0x000000b89ed00000,0x000000b89ee00000) (1024K)]
  0x000001be139347f0 JavaThread "Common-Cleaner"             daemon [_thread_blocked, id=26116, stack(0x000000b89f000000,0x000000b89f100000) (1024K)]
  0x000001be1b1a4940 JavaThread "Notification Thread"        daemon [_thread_blocked, id=23672, stack(0x000000b89f400000,0x000000b89f500000) (1024K)]
  0x000001be1bceb970 JavaThread "Active Thread: Equinox Container: e198885d-ee02-4fc7-9fb7-75ccbfecf252"        [_thread_blocked, id=26888, stack(0x000000b89fd00000,0x000000b89fe00000) (1024K)]
  0x000001be1b6432c0 JavaThread "Refresh Thread: Equinox Container: e198885d-ee02-4fc7-9fb7-75ccbfecf252" daemon [_thread_blocked, id=27320, stack(0x000000b89ff00000,0x000000b8a0000000) (1024K)]
  0x000001be1bac0040 JavaThread "Framework Event Dispatcher: Equinox Container: e198885d-ee02-4fc7-9fb7-75ccbfecf252" daemon [_thread_blocked, id=27096, stack(0x000000b8a0000000,0x000000b8a0100000) (1024K)]
  0x000001be1babcc70 JavaThread "Start Level: Equinox Container: e198885d-ee02-4fc7-9fb7-75ccbfecf252" daemon [_thread_blocked, id=26996, stack(0x000000b8a0100000,0x000000b8a0200000) (1024K)]
  0x000001be1c19c570 JavaThread "Bundle File Closer"         daemon [_thread_blocked, id=27300, stack(0x000000b8a0500000,0x000000b8a0600000) (1024K)]
  0x000001be1c3c24a0 JavaThread "SCR Component Actor"        daemon [_thread_blocked, id=27588, stack(0x000000b8a0700000,0x000000b8a0800000) (1024K)]
  0x000001be1bb51820 JavaThread "Worker-JM"                         [_thread_blocked, id=27616, stack(0x000000b8a0800000,0x000000b8a0900000) (1024K)]
  0x000001be1bb51eb0 JavaThread "JNA Cleaner"                daemon [_thread_blocked, id=27460, stack(0x000000b8a0b00000,0x000000b8a0c00000) (1024K)]
  0x000001be1bb54ca0 JavaThread "Java indexing"              daemon [_thread_blocked, id=13148, stack(0x000000b8a1500000,0x000000b8a1600000) (1024K)]
  0x000001be1e3fe230 JavaThread "Thread-1"                   daemon [_thread_in_native, id=26800, stack(0x000000b8a1c00000,0x000000b8a1d00000) (1024K)]
  0x000001be1e3fef50 JavaThread "Thread-2"                   daemon [_thread_in_native, id=26744, stack(0x000000b8a1d00000,0x000000b8a1e00000) (1024K)]
  0x000001be1e3ffc70 JavaThread "Thread-3"                   daemon [_thread_in_native, id=26748, stack(0x000000b8a1e00000,0x000000b8a1f00000) (1024K)]
  0x000001be1e3ff5e0 JavaThread "Thread-4"                   daemon [_thread_in_native, id=26720, stack(0x000000b8a1f00000,0x000000b8a2000000) (1024K)]
  0x000001be1e400300 JavaThread "Thread-5"                   daemon [_thread_in_native, id=26776, stack(0x000000b8a2000000,0x000000b8a2100000) (1024K)]
  0x000001be1e400990 JavaThread "Thread-6"                   daemon [_thread_in_native, id=26876, stack(0x000000b8a2100000,0x000000b8a2200000) (1024K)]
  0x000001be1e3fd510 JavaThread "Thread-7"                   daemon [_thread_in_native, id=26852, stack(0x000000b8a2200000,0x000000b8a2300000) (1024K)]
  0x000001be1e401020 JavaThread "Thread-8"                   daemon [_thread_in_native, id=26856, stack(0x000000b8a2300000,0x000000b8a2400000) (1024K)]
  0x000001be1e3fdba0 JavaThread "Thread-9"                   daemon [_thread_in_native, id=26836, stack(0x000000b8a2400000,0x000000b8a2500000) (1024K)]
  0x000001be1e402a60 JavaThread "Thread-10"                  daemon [_thread_in_native, id=26812, stack(0x000000b8a2500000,0x000000b8a2600000) (1024K)]
  0x000001be1e4044a0 JavaThread "Thread-11"                  daemon [_thread_in_native, id=26860, stack(0x000000b8a2600000,0x000000b8a2700000) (1024K)]
  0x000001be1e4016b0 JavaThread "Thread-12"                  daemon [_thread_in_native, id=26916, stack(0x000000b8a2700000,0x000000b8a2800000) (1024K)]
  0x000001be1e4030f0 JavaThread "Thread-13"                  daemon [_thread_in_native, id=26920, stack(0x000000b8a2800000,0x000000b8a2900000) (1024K)]
  0x000001be1e403780 JavaThread "Thread-14"                  daemon [_thread_in_native, id=26840, stack(0x000000b8a2900000,0x000000b8a2a00000) (1024K)]
  0x000001be1e403e10 JavaThread "Thread-15"                  daemon [_thread_in_native, id=26732, stack(0x000000b8a2a00000,0x000000b8a2b00000) (1024K)]
  0x000001be1e404b30 JavaThread "Thread-16"                  daemon [_thread_in_native, id=26792, stack(0x000000b8a2b00000,0x000000b8a2c00000) (1024K)]
  0x000001be1e4023d0 JavaThread "Thread-17"                  daemon [_thread_in_native, id=26868, stack(0x000000b8a2c00000,0x000000b8a2d00000) (1024K)]
  0x000001be1e401d40 JavaThread "Thread-18"                  daemon [_thread_in_native, id=26872, stack(0x000000b8a2d00000,0x000000b8a2e00000) (1024K)]
  0x000001be1e4ffc30 JavaThread "Thread-19"                  daemon [_thread_in_native, id=26904, stack(0x000000b8a2e00000,0x000000b8a2f00000) (1024K)]
  0x000001be1e5002c0 JavaThread "Thread-20"                  daemon [_thread_in_native, id=26816, stack(0x000000b8a2f00000,0x000000b8a3000000) (1024K)]
  0x000001be1e4fd4d0 JavaThread "Thread-21"                  daemon [_thread_in_native, id=27052, stack(0x000000b8a3000000,0x000000b8a3100000) (1024K)]
  0x000001be1e500950 JavaThread "Thread-22"                  daemon [_thread_in_native, id=27056, stack(0x000000b8a3100000,0x000000b8a3200000) (1024K)]
  0x000001be1e4fdb60 JavaThread "Thread-23"                  daemon [_thread_in_native, id=26820, stack(0x000000b8a3200000,0x000000b8a3300000) (1024K)]
  0x000001be1e4fef10 JavaThread "Thread-24"                  daemon [_thread_in_native, id=27212, stack(0x000000b8a3300000,0x000000b8a3400000) (1024K)]
  0x000001be1e500fe0 JavaThread "Thread-25"                  daemon [_thread_in_native, id=27080, stack(0x000000b8a3400000,0x000000b8a3500000) (1024K)]
  0x000001be1e501670 JavaThread "Thread-26"                  daemon [_thread_in_native, id=27060, stack(0x000000b8a3500000,0x000000b8a3600000) (1024K)]
  0x000001be1e4fe1f0 JavaThread "Thread-27"                  daemon [_thread_in_native, id=27328, stack(0x000000b8a3600000,0x000000b8a3700000) (1024K)]
  0x000001be1e501d00 JavaThread "Thread-28"                  daemon [_thread_in_native, id=27336, stack(0x000000b8a3700000,0x000000b8a3800000) (1024K)]
  0x000001be1e4fe880 JavaThread "Thread-29"                  daemon [_thread_in_native, id=27340, stack(0x000000b8a3800000,0x000000b8a3900000) (1024K)]
  0x000001be1e502390 JavaThread "Thread-30"                  daemon [_thread_in_native, id=27104, stack(0x000000b8a3900000,0x000000b8a3a00000) (1024K)]
  0x000001be1e502a20 JavaThread "Thread-31"                  daemon [_thread_in_native, id=27100, stack(0x000000b8a3a00000,0x000000b8a3b00000) (1024K)]
  0x000001be1e4ff5a0 JavaThread "Thread-32"                  daemon [_thread_in_native, id=27016, stack(0x000000b8a3b00000,0x000000b8a3c00000) (1024K)]
  0x000001be1e5030b0 JavaThread "Thread-33"                  daemon [_thread_in_native, id=27144, stack(0x000000b8a3c00000,0x000000b8a3d00000) (1024K)]
  0x000001be1e504460 JavaThread "pool-2-thread-1"                   [_thread_blocked, id=27192, stack(0x000000b8a3e00000,0x000000b8a3f00000) (1024K)]
  0x000001be1e504af0 JavaThread "WorkspaceEventsHandler"            [_thread_blocked, id=27208, stack(0x000000b8a4500000,0x000000b8a4600000) (1024K)]
  0x000001be1e503dd0 JavaThread "pool-1-thread-1"                   [_thread_blocked, id=27332, stack(0x000000b8a4600000,0x000000b8a4700000) (1024K)]
  0x000001be1c773650 JavaThread "Worker-7"                          [_thread_blocked, id=19532, stack(0x000000b8a0d00000,0x000000b8a0e00000) (1024K)]
  0x000001be239b2050 JavaThread "Worker-10"                         [_thread_blocked, id=12716, stack(0x000000b89e100000,0x000000b89e200000) (1024K)]
Total: 58

Other Threads:
  0x000001bdba704a50 VMThread "VM Thread"                           [id=10600, stack(0x000000b89e500000,0x000000b89e600000) (1024K)]
  0x000001bdba5fca10 WatcherThread "VM Periodic Task Thread"        [id=7160, stack(0x000000b89e400000,0x000000b89e500000) (1024K)]
  0x000001bdba793870 WorkerThread "GC Thread#0"                     [id=8076, stack(0x000000b89e300000,0x000000b89e400000) (1024K)]
  0x000001be1b6cb8b0 WorkerThread "GC Thread#1"                     [id=27068, stack(0x000000b89f700000,0x000000b89f800000) (1024K)]
  0x000001be1b680f90 WorkerThread "GC Thread#2"                     [id=27108, stack(0x000000b89f800000,0x000000b89f900000) (1024K)]
  0x000001be1bae9c60 WorkerThread "GC Thread#3"                     [id=27112, stack(0x000000b89f900000,0x000000b89fa00000) (1024K)]
  0x000001be1baea010 WorkerThread "GC Thread#4"                     [id=27116, stack(0x000000b89fa00000,0x000000b89fb00000) (1024K)]
  0x000001be1bad5a90 WorkerThread "GC Thread#5"                     [id=27120, stack(0x000000b89fb00000,0x000000b89fc00000) (1024K)]
  0x000001be1bad6d00 WorkerThread "GC Thread#6"                     [id=27124, stack(0x000000b89fc00000,0x000000b89fd00000) (1024K)]
  0x000001be1bad5330 WorkerThread "GC Thread#7"                     [id=27196, stack(0x000000b89fe00000,0x000000b89ff00000) (1024K)]
  0x000001be1bad65a0 WorkerThread "GC Thread#8"                     [id=27200, stack(0x000000b8a0200000,0x000000b8a0300000) (1024K)]
  0x000001be1bad56e0 WorkerThread "GC Thread#9"                     [id=27176, stack(0x000000b8a0300000,0x000000b8a0400000) (1024K)]
  0x000001be1bad5e40 WorkerThread "GC Thread#10"                    [id=27316, stack(0x000000b8a0400000,0x000000b8a0500000) (1024K)]
  0x000001be1bad61f0 WorkerThread "GC Thread#11"                    [id=27524, stack(0x000000b8a0600000,0x000000b8a0700000) (1024K)]
  0x000001be1bb970a0 WorkerThread "GC Thread#12"                    [id=27612, stack(0x000000b8a0900000,0x000000b8a0a00000) (1024K)]
  0x000001be1bb961e0 WorkerThread "GC Thread#13"                    [id=27488, stack(0x000000b8a0a00000,0x000000b8a0b00000) (1024K)]
  0x000001be1bb95320 WorkerThread "GC Thread#14"                    [id=27400, stack(0x000000b8a0e00000,0x000000b8a0f00000) (1024K)]
  0x000001be1bb94460 WorkerThread "GC Thread#15"                    [id=27500, stack(0x000000b8a0f00000,0x000000b8a1000000) (1024K)]
  0x000001be1bb96940 WorkerThread "GC Thread#16"                    [id=26196, stack(0x000000b8a1000000,0x000000b8a1100000) (1024K)]
  0x000001be1bb94bc0 WorkerThread "GC Thread#17"                    [id=12296, stack(0x000000b8a1200000,0x000000b8a1300000) (1024K)]
  0x000001be1bb940b0 WorkerThread "GC Thread#18"                    [id=26772, stack(0x000000b8a1300000,0x000000b8a1400000) (1024K)]
  0x000001be1bb97450 WorkerThread "GC Thread#19"                    [id=26696, stack(0x000000b8a1400000,0x000000b8a1500000) (1024K)]
  0x000001be1bb93d00 WorkerThread "GC Thread#20"                    [id=26924, stack(0x000000b8a1600000,0x000000b8a1700000) (1024K)]
  0x000001be1bb956d0 WorkerThread "GC Thread#21"                    [id=26896, stack(0x000000b8a1700000,0x000000b8a1800000) (1024K)]
  0x000001be1bb94810 WorkerThread "GC Thread#22"                    [id=26844, stack(0x000000b8a1800000,0x000000b8a1900000) (1024K)]
Total: 25

Threads with active compile tasks:
Total: 0

VM state: not at safepoint (normal execution)

VM Mutex/Monitor currently owned by a thread: None

Heap address: 0x0000000080000000, size: 2048 MB, Compressed Oops mode: 32-bit

CDS archive(s) mapped at: [0x000001bdd2000000-0x000001bdd2ba0000-0x000001bdd2ba0000), size 12189696, SharedBaseAddress: 0x000001bdd2000000, ArchiveRelocationMode: 1.
Compressed class space mapped at: 0x000001bdd3000000-0x000001be13000000, reserved size: 1073741824
Narrow klass base: 0x000001bdd2000000, Narrow klass shift: 0, Narrow klass range: 0x100000000

GC Precious Log:
 CardTable entry size: 512
 CPUs: 32 total, 32 available
 Memory: 16002M
 Large Page Support: Disabled
 NUMA Support: Disabled
 Compressed Oops: Enabled (32-bit)
 Alignments: Space 512K, Generation 512K, Heap 2M
 Heap Min Capacity: 100M
 Heap Initial Capacity: 100M
 Heap Max Capacity: 2G
 Pre-touch: Disabled
 Parallel Workers: 23

Heap:
 PSYoungGen      total 3584K, used 666K [0x00000000d5580000, 0x00000000d5b80000, 0x0000000100000000)
  eden space 3072K, 5% used [0x00000000d5580000,0x00000000d55a6a18,0x00000000d5880000)
  from space 512K, 100% used [0x00000000d5a00000,0x00000000d5a80000,0x00000000d5a80000)
  to   space 1024K, 0% used [0x00000000d5a80000,0x00000000d5a80000,0x00000000d5b80000)
 ParOldGen       total 209408K, used 209237K [0x0000000080000000, 0x000000008cc80000, 0x00000000d5580000)
  object space 209408K, 99% used [0x0000000080000000,0x000000008cc55660,0x000000008cc80000)
 Metaspace       used 68550K, committed 70080K, reserved 1114112K
  class space    used 7092K, committed 7744K, reserved 1048576K

Card table byte_map: [0x000001bdba110000,0x000001bdba520000] _byte_map_base: 0x000001bdb9d10000

Marking Bits: (ParMarkBitMap*) 0x00007ffcabe43450
 Begin Bits: [0x000001bdccc20000, 0x000001bdcec20000)
 End Bits:   [0x000001bdcec20000, 0x000001bdd0c20000)

Polling page: 0x000001bdb8370000

Metaspace:

Usage:
  Non-class:     60.02 MB used.
      Class:      6.93 MB used.
       Both:     66.94 MB used.

Virtual space:
  Non-class space:       64.00 MB reserved,      60.88 MB ( 95%) committed,  1 nodes.
      Class space:        1.00 GB reserved,       7.56 MB ( <1%) committed,  1 nodes.
             Both:        1.06 GB reserved,      68.44 MB (  6%) committed. 

Chunk freelists:
   Non-Class:  2.59 MB
       Class:  8.41 MB
        Both:  11.01 MB

MaxMetaspaceSize: unlimited
CompressedClassSpaceSize: 1.00 GB
Initial GC threshold: 21.00 MB
Current GC threshold: 97.31 MB
CDS: on
 - commit_granule_bytes: 65536.
 - commit_granule_words: 8192.
 - virtual_space_node_default_size: 8388608.
 - enlarge_chunks_in_place: 1.
 - use_allocation_guard: 0.


Internal statistics:

num_allocs_failed_limit: 13.
num_arena_births: 1342.
num_arena_deaths: 14.
num_vsnodes_births: 2.
num_vsnodes_deaths: 0.
num_space_committed: 1094.
num_space_uncommitted: 0.
num_chunks_returned_to_freelist: 27.
num_chunks_taken_from_freelist: 4771.
num_chunk_merges: 12.
num_chunk_splits: 2820.
num_chunks_enlarged: 1438.
num_inconsistent_stats: 0.

CodeHeap 'non-profiled nmethods': size=118848Kb used=10513Kb max_used=10513Kb free=108334Kb
 bounds [0x000001bdc5560000, 0x000001bdc5fb0000, 0x000001bdcc970000]
CodeHeap 'profiled nmethods': size=118848Kb used=31889Kb max_used=31889Kb free=86958Kb
 bounds [0x000001bdbd970000, 0x000001bdbf8a0000, 0x000001bdc4d80000]
CodeHeap 'non-nmethods': size=8064Kb used=1454Kb max_used=3763Kb free=6610Kb
 bounds [0x000001bdc4d80000, 0x000001bdc5140000, 0x000001bdc5560000]
CodeCache: size=245760Kb, used=43856Kb, max_used=46165Kb, free=201902Kb
 total_blobs=13951, nmethods=13190, adapters=664, full_count=0
Compilation: enabled, stopped_count=0, restarted_count=0

Compilation events (20 events):
Event: 35015.505 Thread 0x000001be137468f0 14061       4       org.eclipse.core.internal.localstore.UnifiedTreeNode::releaseForGc (21 bytes)
Event: 35015.506 Thread 0x000001be137468f0 nmethod 14061 0x000001bdc5f9af10 code [0x000001bdc5f9b0a0, 0x000001bdc5f9b138]
Event: 35015.510 Thread 0x000001be137468f0 14062       4       org.eclipse.core.internal.dtree.AbstractDataTreeNode::assembleWith (177 bytes)
Event: 35015.513 Thread 0x000001be1374a170 14065       3       org.eclipse.core.internal.resources.ResourceInfo::incrementContentId (22 bytes)
Event: 35015.513 Thread 0x000001be1374a170 nmethod 14065 0x000001bdbf88a890 code [0x000001bdbf88aa20, 0x000001bdbf88ab48]
Event: 35015.514 Thread 0x000001be137468f0 nmethod 14062 0x000001bdc5f9b210 code [0x000001bdc5f9b460, 0x000001bdc5f9bcd8]
Event: 35015.514 Thread 0x000001be137468f0 14064       4       org.eclipse.core.internal.dtree.AbstractDataTreeNode::assembleWith (502 bytes)
Event: 35015.516 Thread 0x000001be1374a170 14066       3       org.eclipse.core.runtime.preferences.AbstractScope::getNode (37 bytes)
Event: 35015.527 Thread 0x000001be1374a170 nmethod 14066 0x000001bdbf88ac10 code [0x000001bdbf88ae40, 0x000001bdbf88b570]
Event: 35015.527 Thread 0x000001be1374a170 14069   !   3       org.eclipse.core.internal.resources.ContentDescriptionManager::getDescriptionFor (373 bytes)
Event: 35015.555 Thread 0x000001be1374a170 nmethod 14069 0x000001bdbf88b810 code [0x000001bdbf88c0e0, 0x000001bdbf891fb8]
Event: 35015.557 Thread 0x000001be137468f0 nmethod 14064 0x000001bdc5f9c210 code [0x000001bdc5f9c560, 0x000001bdc5f9e708]
Event: 35015.557 Thread 0x000001be137468f0 14063       4       java.lang.Long::hashCode (8 bytes)
Event: 35015.557 Thread 0x000001be137468f0 nmethod 14063 0x000001bdc5f9f990 code [0x000001bdc5f9fb20, 0x000001bdc5f9fbb8]
Event: 35015.558 Thread 0x000001be137468f0 14068       4       org.eclipse.jdt.ls.core.internal.filesystem.JLSFsUtils::isProjectMetadataFile (71 bytes)
Event: 35015.569 Thread 0x000001be137468f0 nmethod 14068 0x000001bdc5f9fc90 code [0x000001bdc5f9fee0, 0x000001bdc5fa0990]
Event: 35015.570 Thread 0x000001be137468f0 14067       4       org.eclipse.jdt.ls.core.internal.filesystem.JLSFsUtils::shouldStoreInMetadataArea (73 bytes)
Event: 35015.598 Thread 0x000001be137468f0 nmethod 14067 0x000001bdc5fa1010 code [0x000001bdc5fa1440, 0x000001bdc5fa2f18]
Event: 35154.470 Thread 0x000001be137468f0 14070       4       java.util.concurrent.ThreadPoolExecutor::runStateAtLeast (11 bytes)
Event: 35154.470 Thread 0x000001be137468f0 nmethod 14070 0x000001bdc5fa4490 code [0x000001bdc5fa4600, 0x000001bdc5fa4678]

GC Heap History (20 events):
Event: 5861.214 GC heap before
{Heap before GC invocations=95 (full 3):
 PSYoungGen      total 6656K, used 4577K [0x00000000d5580000, 0x00000000d5f80000, 0x0000000100000000)
  eden space 3072K, 100% used [0x00000000d5580000,0x00000000d5880000,0x00000000d5880000)
  from space 3584K, 42% used [0x00000000d5a00000,0x00000000d5b78790,0x00000000d5d80000)
  to   space 2048K, 0% used [0x00000000d5d80000,0x00000000d5d80000,0x00000000d5f80000)
 ParOldGen       total 202240K, used 202092K [0x0000000080000000, 0x000000008c580000, 0x00000000d5580000)
  object space 202240K, 99% used [0x0000000080000000,0x000000008c55b3f0,0x000000008c580000)
 Metaspace       used 68306K, committed 69888K, reserved 1114112K
  class space    used 7090K, committed 7744K, reserved 1048576K
}
Event: 5861.216 GC heap after
{Heap after GC invocations=95 (full 3):
 PSYoungGen      total 4096K, used 992K [0x00000000d5580000, 0x00000000d5e80000, 0x0000000100000000)
  eden space 3072K, 0% used [0x00000000d5580000,0x00000000d5580000,0x00000000d5880000)
  from space 1024K, 96% used [0x00000000d5d80000,0x00000000d5e78000,0x00000000d5e80000)
  to   space 1536K, 0% used [0x00000000d5b80000,0x00000000d5b80000,0x00000000d5d00000)
 ParOldGen       total 203776K, used 203435K [0x0000000080000000, 0x000000008c700000, 0x00000000d5580000)
  object space 203776K, 99% used [0x0000000080000000,0x000000008c6aade8,0x000000008c700000)
 Metaspace       used 68306K, committed 69888K, reserved 1114112K
  class space    used 7090K, committed 7744K, reserved 1048576K
}
Event: 5861.239 GC heap before
{Heap before GC invocations=96 (full 3):
 PSYoungGen      total 4096K, used 4063K [0x00000000d5580000, 0x00000000d5e80000, 0x0000000100000000)
  eden space 3072K, 99% used [0x00000000d5580000,0x00000000d587fff8,0x00000000d5880000)
  from space 1024K, 96% used [0x00000000d5d80000,0x00000000d5e78000,0x00000000d5e80000)
  to   space 1536K, 0% used [0x00000000d5b80000,0x00000000d5b80000,0x00000000d5d00000)
 ParOldGen       total 203776K, used 203435K [0x0000000080000000, 0x000000008c700000, 0x00000000d5580000)
  object space 203776K, 99% used [0x0000000080000000,0x000000008c6aade8,0x000000008c700000)
 Metaspace       used 68334K, committed 69888K, reserved 1114112K
  class space    used 7090K, committed 7744K, reserved 1048576K
}
Event: 5861.241 GC heap after
{Heap after GC invocations=96 (full 3):
 PSYoungGen      total 4608K, used 1379K [0x00000000d5580000, 0x00000000d5e00000, 0x0000000100000000)
  eden space 3072K, 0% used [0x00000000d5580000,0x00000000d5580000,0x00000000d5880000)
  from space 1536K, 89% used [0x00000000d5b80000,0x00000000d5cd8e10,0x00000000d5d00000)
  to   space 1024K, 0% used [0x00000000d5d00000,0x00000000d5d00000,0x00000000d5e00000)
 ParOldGen       total 204288K, used 204223K [0x0000000080000000, 0x000000008c780000, 0x00000000d5580000)
  object space 204288K, 99% used [0x0000000080000000,0x000000008c76fcc8,0x000000008c780000)
 Metaspace       used 68334K, committed 69888K, reserved 1114112K
  class space    used 7090K, committed 7744K, reserved 1048576K
}
Event: 5861.255 GC heap before
{Heap before GC invocations=97 (full 3):
 PSYoungGen      total 4608K, used 4451K [0x00000000d5580000, 0x00000000d5e00000, 0x0000000100000000)
  eden space 3072K, 100% used [0x00000000d5580000,0x00000000d5880000,0x00000000d5880000)
  from space 1536K, 89% used [0x00000000d5b80000,0x00000000d5cd8e10,0x00000000d5d00000)
  to   space 1024K, 0% used [0x00000000d5d00000,0x00000000d5d00000,0x00000000d5e00000)
 ParOldGen       total 204288K, used 204223K [0x0000000080000000, 0x000000008c780000, 0x00000000d5580000)
  object space 204288K, 99% used [0x0000000080000000,0x000000008c76fcc8,0x000000008c780000)
 Metaspace       used 68335K, committed 69888K, reserved 1114112K
  class space    used 7090K, committed 7744K, reserved 1048576K
}
Event: 5861.256 GC heap after
{Heap after GC invocations=97 (full 3):
 PSYoungGen      total 4096K, used 992K [0x00000000d5580000, 0x00000000d5e00000, 0x0000000100000000)
  eden space 3072K, 0% used [0x00000000d5580000,0x00000000d5580000,0x00000000d5880000)
  from space 1024K, 96% used [0x00000000d5d00000,0x00000000d5df8020,0x00000000d5e00000)
  to   space 2560K, 0% used [0x00000000d5900000,0x00000000d5900000,0x00000000d5b80000)
 ParOldGen       total 205824K, used 205395K [0x0000000080000000, 0x000000008c900000, 0x00000000d5580000)
  object space 205824K, 99% used [0x0000000080000000,0x000000008c894e70,0x000000008c900000)
 Metaspace       used 68335K, committed 69888K, reserved 1114112K
  class space    used 7090K, committed 7744K, reserved 1048576K
}
Event: 5861.280 GC heap before
{Heap before GC invocations=98 (full 3):
 PSYoungGen      total 4096K, used 4064K [0x00000000d5580000, 0x00000000d5e00000, 0x0000000100000000)
  eden space 3072K, 100% used [0x00000000d5580000,0x00000000d5880000,0x00000000d5880000)
  from space 1024K, 96% used [0x00000000d5d00000,0x00000000d5df8020,0x00000000d5e00000)
  to   space 2560K, 0% used [0x00000000d5900000,0x00000000d5900000,0x00000000d5b80000)
 ParOldGen       total 205824K, used 205395K [0x0000000080000000, 0x000000008c900000, 0x00000000d5580000)
  object space 205824K, 99% used [0x0000000080000000,0x000000008c894e70,0x000000008c900000)
 Metaspace       used 68357K, committed 69888K, reserved 1114112K
  class space    used 7090K, committed 7744K, reserved 1048576K
}
Event: 5861.282 GC heap after
{Heap after GC invocations=98 (full 3):
 PSYoungGen      total 5632K, used 736K [0x00000000d5580000, 0x00000000d5d80000, 0x0000000100000000)
  eden space 3072K, 0% used [0x00000000d5580000,0x00000000d5580000,0x00000000d5880000)
  from space 2560K, 28% used [0x00000000d5900000,0x00000000d59b8000,0x00000000d5b80000)
  to   space 1536K, 0% used [0x00000000d5c00000,0x00000000d5c00000,0x00000000d5d80000)
 ParOldGen       total 206336K, used 206163K [0x0000000080000000, 0x000000008c980000, 0x00000000d5580000)
  object space 206336K, 99% used [0x0000000080000000,0x000000008c954e90,0x000000008c980000)
 Metaspace       used 68357K, committed 69888K, reserved 1114112K
  class space    used 7090K, committed 7744K, reserved 1048576K
}
Event: 5861.315 GC heap before
{Heap before GC invocations=99 (full 3):
 PSYoungGen      total 5632K, used 3808K [0x00000000d5580000, 0x00000000d5d80000, 0x0000000100000000)
  eden space 3072K, 100% used [0x00000000d5580000,0x00000000d5880000,0x00000000d5880000)
  from space 2560K, 28% used [0x00000000d5900000,0x00000000d59b8000,0x00000000d5b80000)
  to   space 1536K, 0% used [0x00000000d5c00000,0x00000000d5c00000,0x00000000d5d80000)
 ParOldGen       total 206336K, used 206163K [0x0000000080000000, 0x000000008c980000, 0x00000000d5580000)
  object space 206336K, 99% used [0x0000000080000000,0x000000008c954e90,0x000000008c980000)
 Metaspace       used 68379K, committed 69952K, reserved 1114112K
  class space    used 7090K, committed 7744K, reserved 1048576K
}
Event: 5861.316 GC heap after
{Heap after GC invocations=99 (full 3):
 PSYoungGen      total 4096K, used 631K [0x00000000d5580000, 0x00000000d5d00000, 0x0000000100000000)
  eden space 3072K, 0% used [0x00000000d5580000,0x00000000d5580000,0x00000000d5880000)
  from space 1024K, 61% used [0x00000000d5c00000,0x00000000d5c9dcc0,0x00000000d5d00000)
  to   space 1024K, 0% used [0x00000000d5b00000,0x00000000d5b00000,0x00000000d5c00000)
 ParOldGen       total 206848K, used 206540K [0x0000000080000000, 0x000000008ca00000, 0x00000000d5580000)
  object space 206848K, 99% used [0x0000000080000000,0x000000008c9b32b0,0x000000008ca00000)
 Metaspace       used 68379K, committed 69952K, reserved 1114112K
  class space    used 7090K, committed 7744K, reserved 1048576K
}
Event: 5861.415 GC heap before
{Heap before GC invocations=100 (full 3):
 PSYoungGen      total 4096K, used 3703K [0x00000000d5580000, 0x00000000d5d00000, 0x0000000100000000)
  eden space 3072K, 100% used [0x00000000d5580000,0x00000000d5880000,0x00000000d5880000)
  from space 1024K, 61% used [0x00000000d5c00000,0x00000000d5c9dcc0,0x00000000d5d00000)
  to   space 1024K, 0% used [0x00000000d5b00000,0x00000000d5b00000,0x00000000d5c00000)
 ParOldGen       total 206848K, used 206540K [0x0000000080000000, 0x000000008ca00000, 0x00000000d5580000)
  object space 206848K, 99% used [0x0000000080000000,0x000000008c9b32b0,0x000000008ca00000)
 Metaspace       used 68462K, committed 70016K, reserved 1114112K
  class space    used 7090K, committed 7744K, reserved 1048576K
}
Event: 5861.416 GC heap after
{Heap after GC invocations=100 (full 3):
 PSYoungGen      total 4096K, used 655K [0x00000000d5580000, 0x00000000d5c80000, 0x0000000100000000)
  eden space 3072K, 0% used [0x00000000d5580000,0x00000000d5580000,0x00000000d5880000)
  from space 1024K, 64% used [0x00000000d5b00000,0x00000000d5ba3fa0,0x00000000d5c00000)
  to   space 512K, 0% used [0x00000000d5c00000,0x00000000d5c00000,0x00000000d5c80000)
 ParOldGen       total 206848K, used 206805K [0x0000000080000000, 0x000000008ca00000, 0x00000000d5580000)
  object space 206848K, 99% used [0x0000000080000000,0x000000008c9f5590,0x000000008ca00000)
 Metaspace       used 68462K, committed 70016K, reserved 1114112K
  class space    used 7090K, committed 7744K, reserved 1048576K
}
Event: 5861.439 GC heap before
{Heap before GC invocations=101 (full 3):
 PSYoungGen      total 4096K, used 3727K [0x00000000d5580000, 0x00000000d5c80000, 0x0000000100000000)
  eden space 3072K, 100% used [0x00000000d5580000,0x00000000d5880000,0x00000000d5880000)
  from space 1024K, 64% used [0x00000000d5b00000,0x00000000d5ba3fa0,0x00000000d5c00000)
  to   space 512K, 0% used [0x00000000d5c00000,0x00000000d5c00000,0x00000000d5c80000)
 ParOldGen       total 206848K, used 206805K [0x0000000080000000, 0x000000008ca00000, 0x00000000d5580000)
  object space 206848K, 99% used [0x0000000080000000,0x000000008c9f5590,0x000000008ca00000)
 Metaspace       used 68477K, committed 70016K, reserved 1114112K
  class space    used 7092K, committed 7744K, reserved 1048576K
}
Event: 5861.441 GC heap after
{Heap after GC invocations=101 (full 3):
 PSYoungGen      total 3584K, used 512K [0x00000000d5580000, 0x00000000d5c80000, 0x0000000100000000)
  eden space 3072K, 0% used [0x00000000d5580000,0x00000000d5580000,0x00000000d5880000)
  from space 512K, 100% used [0x00000000d5c00000,0x00000000d5c80000,0x00000000d5c80000)
  to   space 2048K, 0% used [0x00000000d5880000,0x00000000d5880000,0x00000000d5a80000)
 ParOldGen       total 207872K, used 207855K [0x0000000080000000, 0x000000008cb00000, 0x00000000d5580000)
  object space 207872K, 99% used [0x0000000080000000,0x000000008cafbe30,0x000000008cb00000)
 Metaspace       used 68477K, committed 70016K, reserved 1114112K
  class space    used 7092K, committed 7744K, reserved 1048576K
}
Event: 5861.481 GC heap before
{Heap before GC invocations=102 (full 3):
 PSYoungGen      total 3584K, used 3584K [0x00000000d5580000, 0x00000000d5c80000, 0x0000000100000000)
  eden space 3072K, 100% used [0x00000000d5580000,0x00000000d5880000,0x00000000d5880000)
  from space 512K, 100% used [0x00000000d5c00000,0x00000000d5c80000,0x00000000d5c80000)
  to   space 2048K, 0% used [0x00000000d5880000,0x00000000d5880000,0x00000000d5a80000)
 ParOldGen       total 207872K, used 207855K [0x0000000080000000, 0x000000008cb00000, 0x00000000d5580000)
  object space 207872K, 99% used [0x0000000080000000,0x000000008cafbe30,0x000000008cb00000)
 Metaspace       used 68491K, committed 70016K, reserved 1114112K
  class space    used 7092K, committed 7744K, reserved 1048576K
}
Event: 5861.482 GC heap after
{Heap after GC invocations=102 (full 3):
 PSYoungGen      total 5120K, used 896K [0x00000000d5580000, 0x00000000d5c80000, 0x0000000100000000)
  eden space 3072K, 0% used [0x00000000d5580000,0x00000000d5580000,0x00000000d5880000)
  from space 2048K, 43% used [0x00000000d5880000,0x00000000d5960000,0x00000000d5a80000)
  to   space 1536K, 0% used [0x00000000d5b00000,0x00000000d5b00000,0x00000000d5c80000)
 ParOldGen       total 208896K, used 208415K [0x0000000080000000, 0x000000008cc00000, 0x00000000d5580000)
  object space 208896K, 99% used [0x0000000080000000,0x000000008cb87e30,0x000000008cc00000)
 Metaspace       used 68491K, committed 70016K, reserved 1114112K
  class space    used 7092K, committed 7744K, reserved 1048576K
}
Event: 35015.408 GC heap before
{Heap before GC invocations=103 (full 3):
 PSYoungGen      total 5120K, used 3968K [0x00000000d5580000, 0x00000000d5c80000, 0x0000000100000000)
  eden space 3072K, 100% used [0x00000000d5580000,0x00000000d5880000,0x00000000d5880000)
  from space 2048K, 43% used [0x00000000d5880000,0x00000000d5960000,0x00000000d5a80000)
  to   space 1536K, 0% used [0x00000000d5b00000,0x00000000d5b00000,0x00000000d5c80000)
 ParOldGen       total 208896K, used 208415K [0x0000000080000000, 0x000000008cc00000, 0x00000000d5580000)
  object space 208896K, 99% used [0x0000000080000000,0x000000008cb87e30,0x000000008cc00000)
 Metaspace       used 68529K, committed 70080K, reserved 1114112K
  class space    used 7092K, committed 7744K, reserved 1048576K
}
Event: 35015.448 GC heap after
{Heap after GC invocations=103 (full 3):
 PSYoungGen      total 4096K, used 695K [0x00000000d5580000, 0x00000000d5c00000, 0x0000000100000000)
  eden space 3072K, 0% used [0x00000000d5580000,0x00000000d5580000,0x00000000d5880000)
  from space 1024K, 67% used [0x00000000d5b00000,0x00000000d5baddd0,0x00000000d5c00000)
  to   space 1024K, 0% used [0x00000000d5a00000,0x00000000d5a00000,0x00000000d5b00000)
 ParOldGen       total 209408K, used 208976K [0x0000000080000000, 0x000000008cc80000, 0x00000000d5580000)
  object space 209408K, 99% used [0x0000000080000000,0x000000008cc14250,0x000000008cc80000)
 Metaspace       used 68529K, committed 70080K, reserved 1114112K
  class space    used 7092K, committed 7744K, reserved 1048576K
}
Event: 35015.516 GC heap before
{Heap before GC invocations=104 (full 3):
 PSYoungGen      total 4096K, used 3767K [0x00000000d5580000, 0x00000000d5c00000, 0x0000000100000000)
  eden space 3072K, 100% used [0x00000000d5580000,0x00000000d5880000,0x00000000d5880000)
  from space 1024K, 67% used [0x00000000d5b00000,0x00000000d5baddd0,0x00000000d5c00000)
  to   space 1024K, 0% used [0x00000000d5a00000,0x00000000d5a00000,0x00000000d5b00000)
 ParOldGen       total 209408K, used 208976K [0x0000000080000000, 0x000000008cc80000, 0x00000000d5580000)
  object space 209408K, 99% used [0x0000000080000000,0x000000008cc14250,0x000000008cc80000)
 Metaspace       used 68535K, committed 70080K, reserved 1114112K
  class space    used 7092K, committed 7744K, reserved 1048576K
}
Event: 35015.520 GC heap after
{Heap after GC invocations=104 (full 3):
 PSYoungGen      total 3584K, used 512K [0x00000000d5580000, 0x00000000d5b80000, 0x0000000100000000)
  eden space 3072K, 0% used [0x00000000d5580000,0x00000000d5580000,0x00000000d5880000)
  from space 512K, 100% used [0x00000000d5a00000,0x00000000d5a80000,0x00000000d5a80000)
  to   space 1024K, 0% used [0x00000000d5a80000,0x00000000d5a80000,0x00000000d5b80000)
 ParOldGen       total 209408K, used 209237K [0x0000000080000000, 0x000000008cc80000, 0x00000000d5580000)
  object space 209408K, 99% used [0x0000000080000000,0x000000008cc55660,0x000000008cc80000)
 Metaspace       used 68535K, committed 70080K, reserved 1114112K
  class space    used 7092K, committed 7744K, reserved 1048576K
}

Dll operation events (11 events):
Event: 0.006 Loaded shared library c:\Users\suyuluo\.cursor\extensions\redhat.java-1.53.0-win32-x64\jre\21.0.10-win32-x86_64\bin\java.dll
Event: 0.018 Loaded shared library c:\Users\suyuluo\.cursor\extensions\redhat.java-1.53.0-win32-x64\jre\21.0.10-win32-x86_64\bin\zip.dll
Event: 0.047 Loaded shared library C:\Users\suyuluo\.cursor\extensions\redhat.java-1.53.0-win32-x64\jre\21.0.10-win32-x86_64\bin\instrument.dll
Event: 0.049 Loaded shared library C:\Users\suyuluo\.cursor\extensions\redhat.java-1.53.0-win32-x64\jre\21.0.10-win32-x86_64\bin\net.dll
Event: 0.051 Loaded shared library C:\Users\suyuluo\.cursor\extensions\redhat.java-1.53.0-win32-x64\jre\21.0.10-win32-x86_64\bin\nio.dll
Event: 0.052 Loaded shared library C:\Users\suyuluo\.cursor\extensions\redhat.java-1.53.0-win32-x64\jre\21.0.10-win32-x86_64\bin\zip.dll
Event: 0.061 Loaded shared library C:\Users\suyuluo\.cursor\extensions\redhat.java-1.53.0-win32-x64\jre\21.0.10-win32-x86_64\bin\jimage.dll
Event: 0.095 Loaded shared library c:\Users\suyuluo\.cursor\extensions\redhat.java-1.53.0-win32-x64\jre\21.0.10-win32-x86_64\bin\verify.dll
Event: 0.710 Loaded shared library C:\Users\suyuluo\AppData\Roaming\Cursor\User\globalStorage\redhat.java\1.53.0\config_win\org.eclipse.equinox.launcher\org.eclipse.equinox.launcher.win32.win32.x86_64_1.3.0.v20260203-2149\eclipse_11919.dll
Event: 1.549 Loaded shared library C:\Users\suyuluo\AppData\Local\Temp\jna-33412452\jna15081810717034945205.dll
Event: 2591.208 Loaded shared library C:\Users\suyuluo\.cursor\extensions\redhat.java-1.53.0-win32-x64\jre\21.0.10-win32-x86_64\bin\sunmscapi.dll

Deoptimization events (20 events):
Event: 5861.448 Thread 0x000001be239b0ca0 Uncommon trap: trap_request=0xffffffe4 fr.pc=0x000001bdc5f47310 relative=0x00000000000001b0
Event: 5861.448 Thread 0x000001be239b0ca0 Uncommon trap: reason=range_check action=make_not_entrant pc=0x000001bdc5f47310 method=org.eclipse.jdt.internal.compiler.lookup.Scope.getBaseType([C)Lorg/eclipse/jdt/internal/compiler/lookup/TypeBinding; @ 16 c2
Event: 5861.448 Thread 0x000001be239b0ca0 DEOPT PACKING pc=0x000001bdc5f47310 sp=0x000000b89dffdfd0
Event: 5861.448 Thread 0x000001be239b0ca0 DEOPT UNPACKING pc=0x000001bdc4dd3aa2 sp=0x000000b89dffdf58 mode 2
Event: 5861.452 Thread 0x000001be239b0ca0 Uncommon trap: trap_request=0xffffffcc fr.pc=0x000001bdc5f4b428 relative=0x0000000000003648
Event: 5861.455 Thread 0x000001be239b0ca0 Uncommon trap: reason=intrinsic_or_type_checked_inlining action=make_not_entrant pc=0x000001bdc5f4b428 method=org.eclipse.jdt.internal.compiler.lookup.BoundSet$ThreeSets.flattenInto([Lorg/eclipse/jdt/internal/compiler/lookup/TypeBound;I)I @ 30 c2
Event: 5861.455 Thread 0x000001be239b0ca0 DEOPT PACKING pc=0x000001bdc5f4b428 sp=0x000000b89dffd990
Event: 5861.455 Thread 0x000001be239b0ca0 DEOPT UNPACKING pc=0x000001bdc4dd3aa2 sp=0x000000b89dffd800 mode 2
Event: 5861.474 Thread 0x000001be239b0ca0 Uncommon trap: trap_request=0xffffff6e fr.pc=0x000001bdc5f1ea70 relative=0x0000000000000750
Event: 5861.474 Thread 0x000001be239b0ca0 Uncommon trap: reason=loop_limit_check action=maybe_recompile pc=0x000001bdc5f1ea70 method=org.eclipse.jdt.internal.compiler.lookup.MethodScope.recordInitializationStates(Lorg/eclipse/jdt/internal/compiler/flow/FlowInfo;)I @ 144 c2
Event: 5861.474 Thread 0x000001be239b0ca0 DEOPT PACKING pc=0x000001bdc5f1ea70 sp=0x000000b89dffe630
Event: 5861.474 Thread 0x000001be239b0ca0 DEOPT UNPACKING pc=0x000001bdc4dd3aa2 sp=0x000000b89dffe5d0 mode 2
Event: 35015.223 Thread 0x000001be1e504af0 Uncommon trap: trap_request=0xffffffd6 fr.pc=0x000001bdc5f54e84 relative=0x0000000000001444
Event: 35015.223 Thread 0x000001be1e504af0 Uncommon trap: reason=array_check action=maybe_recompile pc=0x000001bdc5f54e84 method=java.util.TimSort.reverseRange([Ljava/lang/Object;II)V @ 27 c2
Event: 35015.223 Thread 0x000001be1e504af0 DEOPT PACKING pc=0x000001bdc5f54e84 sp=0x000000b8a45fe2a0
Event: 35015.225 Thread 0x000001be1e504af0 DEOPT UNPACKING pc=0x000001bdc4dd3aa2 sp=0x000000b8a45fe148 mode 2
Event: 35015.226 Thread 0x000001be1e504af0 Uncommon trap: trap_request=0xffffffd6 fr.pc=0x000001bdc5f54e84 relative=0x0000000000001444
Event: 35015.226 Thread 0x000001be1e504af0 Uncommon trap: reason=array_check action=maybe_recompile pc=0x000001bdc5f54e84 method=java.util.TimSort.reverseRange([Ljava/lang/Object;II)V @ 27 c2
Event: 35015.226 Thread 0x000001be1e504af0 DEOPT PACKING pc=0x000001bdc5f54e84 sp=0x000000b8a45fe140
Event: 35015.227 Thread 0x000001be1e504af0 DEOPT UNPACKING pc=0x000001bdc4dd3aa2 sp=0x000000b8a45fdfe8 mode 2

Classes loaded (20 events):
Event: 2591.244 Loading class com/sun/crypto/provider/SymmetricCipher done
Event: 2591.244 Loading class com/sun/crypto/provider/AESCrypt done
Event: 2591.244 Loading class com/sun/crypto/provider/ElectronicCodeBook
Event: 2591.244 Loading class com/sun/crypto/provider/FeedbackCipher
Event: 2591.245 Loading class com/sun/crypto/provider/FeedbackCipher done
Event: 2591.245 Loading class com/sun/crypto/provider/ElectronicCodeBook done
Event: 2591.245 Loading class com/sun/crypto/provider/PKCS5Padding
Event: 2591.245 Loading class com/sun/crypto/provider/Padding
Event: 2591.245 Loading class com/sun/crypto/provider/Padding done
Event: 2591.245 Loading class com/sun/crypto/provider/PKCS5Padding done
Event: 2591.245 Loading class com/sun/crypto/provider/CipherBlockChaining
Event: 2591.245 Loading class com/sun/crypto/provider/CipherBlockChaining done
Event: 2591.246 Loading class javax/crypto/NullCipher
Event: 2591.246 Loading class javax/crypto/NullCipher done
Event: 2591.246 Loading class sun/security/util/ArrayUtil
Event: 2591.247 Loading class sun/security/util/ArrayUtil done
Event: 2591.267 Loading class java/util/zip/CheckedInputStream
Event: 2591.268 Loading class java/util/zip/CheckedInputStream done
Event: 2591.319 Loading class java/util/zip/GZIPInputStream$1
Event: 2591.321 Loading class java/util/zip/GZIPInputStream$1 done

Classes unloaded (7 events):
Event: 1.829 Thread 0x000001bdba704a50 Unloading class 0x000001bdd31a8c00 'java/lang/invoke/LambdaForm$MH+0x000001bdd31a8c00'
Event: 1.829 Thread 0x000001bdba704a50 Unloading class 0x000001bdd31a8800 'java/lang/invoke/LambdaForm$MH+0x000001bdd31a8800'
Event: 1.829 Thread 0x000001bdba704a50 Unloading class 0x000001bdd31a8400 'java/lang/invoke/LambdaForm$MH+0x000001bdd31a8400'
Event: 1.829 Thread 0x000001bdba704a50 Unloading class 0x000001bdd31a8000 'java/lang/invoke/LambdaForm$MH+0x000001bdd31a8000'
Event: 1.829 Thread 0x000001bdba704a50 Unloading class 0x000001bdd31a7c00 'java/lang/invoke/LambdaForm$BMH+0x000001bdd31a7c00'
Event: 1.829 Thread 0x000001bdba704a50 Unloading class 0x000001bdd31a7800 'java/lang/invoke/LambdaForm$DMH+0x000001bdd31a7800'
Event: 1.829 Thread 0x000001bdba704a50 Unloading class 0x000001bdd31a6800 'java/lang/invoke/LambdaForm$DMH+0x000001bdd31a6800'

Classes redefined (0 events):
No events

Internal exceptions (20 events):
Event: 2891.504 Thread 0x000001be1c773650 Exception <a 'sun/nio/fs/WindowsException'{0x00000000d58cf858}> (0x00000000d58cf858) 
thrown [s\src\hotspot\share\prims\jni.cpp, line 520]
Event: 2891.504 Thread 0x000001be1c773650 Exception <a 'sun/nio/fs/WindowsException'{0x00000000d58d00d8}> (0x00000000d58d00d8) 
thrown [s\src\hotspot\share\prims\jni.cpp, line 520]
Event: 2891.505 Thread 0x000001be1c773650 Exception <a 'sun/nio/fs/WindowsException'{0x00000000d58d0fd8}> (0x00000000d58d0fd8) 
thrown [s\src\hotspot\share\prims\jni.cpp, line 520]
Event: 2891.505 Thread 0x000001be1c773650 Exception <a 'sun/nio/fs/WindowsException'{0x00000000d58d1858}> (0x00000000d58d1858) 
thrown [s\src\hotspot\share\prims\jni.cpp, line 520]
Event: 3191.520 Thread 0x000001be1c773650 Exception <a 'sun/nio/fs/WindowsException'{0x00000000d597d7e8}> (0x00000000d597d7e8) 
thrown [s\src\hotspot\share\prims\jni.cpp, line 520]
Event: 3191.520 Thread 0x000001be1c773650 Exception <a 'sun/nio/fs/WindowsException'{0x00000000d597e318}> (0x00000000d597e318) 
thrown [s\src\hotspot\share\prims\jni.cpp, line 520]
Event: 4998.494 Thread 0x000001be1bb54ca0 Exception <a 'sun/nio/fs/WindowsException'{0x00000000d5765820}> (0x00000000d5765820) 
thrown [s\src\hotspot\share\prims\jni.cpp, line 520]
Event: 4998.551 Thread 0x000001be1bb54ca0 Exception <a 'sun/nio/fs/WindowsException'{0x00000000d56b3c10}> (0x00000000d56b3c10) 
thrown [s\src\hotspot\share\prims\jni.cpp, line 520]
Event: 4998.652 Thread 0x000001be239b0ca0 Exception <a 'sun/nio/fs/WindowsException'{0x00000000d56fb4b0}> (0x00000000d56fb4b0) 
thrown [s\src\hotspot\share\prims\jni.cpp, line 520]
Event: 4998.652 Thread 0x000001be239b0ca0 Exception <a 'sun/nio/fs/WindowsException'{0x00000000d56fbf98}> (0x00000000d56fbf98) 
thrown [s\src\hotspot\share\prims\jni.cpp, line 520]
Event: 4998.685 Thread 0x000001be239b0ca0 Exception <a 'sun/nio/fs/WindowsException'{0x00000000d5768668}> (0x00000000d5768668) 
thrown [s\src\hotspot\share\prims\jni.cpp, line 520]
Event: 4998.685 Thread 0x000001be239b0ca0 Exception <a 'sun/nio/fs/WindowsException'{0x00000000d5769198}> (0x00000000d5769198) 
thrown [s\src\hotspot\share\prims\jni.cpp, line 520]
Event: 5003.785 Thread 0x000001be1bb54ca0 Exception <a 'sun/nio/fs/WindowsException'{0x00000000d5915a78}> (0x00000000d5915a78) 
thrown [s\src\hotspot\share\prims\jni.cpp, line 520]
Event: 5003.819 Thread 0x000001be1bb54ca0 Exception <a 'sun/nio/fs/WindowsException'{0x00000000d55ded38}> (0x00000000d55ded38) 
thrown [s\src\hotspot\share\prims\jni.cpp, line 520]
Event: 5298.500 Thread 0x000001be1c773650 Exception <a 'sun/nio/fs/WindowsException'{0x00000000d5974320}> (0x00000000d5974320) 
thrown [s\src\hotspot\share\prims\jni.cpp, line 520]
Event: 5298.500 Thread 0x000001be1c773650 Exception <a 'sun/nio/fs/WindowsException'{0x00000000d59750b0}> (0x00000000d59750b0) 
thrown [s\src\hotspot\share\prims\jni.cpp, line 520]
Event: 5861.113 Thread 0x000001be1bb54ca0 Exception <a 'sun/nio/fs/WindowsException'{0x00000000d58a3d30}> (0x00000000d58a3d30) 
thrown [s\src\hotspot\share\prims\jni.cpp, line 520]
Event: 5861.161 Thread 0x000001be1bb54ca0 Exception <a 'sun/nio/fs/WindowsException'{0x00000000d56ff118}> (0x00000000d56ff118) 
thrown [s\src\hotspot\share\prims\jni.cpp, line 520]
Event: 6161.125 Thread 0x000001be239b2050 Exception <a 'sun/nio/fs/WindowsException'{0x00000000d571f8b0}> (0x00000000d571f8b0) 
thrown [s\src\hotspot\share\prims\jni.cpp, line 520]
Event: 6161.125 Thread 0x000001be239b2050 Exception <a 'sun/nio/fs/WindowsException'{0x00000000d5720660}> (0x00000000d5720660) 
thrown [s\src\hotspot\share\prims\jni.cpp, line 520]

ZGC Phase Switch (0 events):
No events

VM Operations (20 events):
Event: 34848.785 Executing non-safepoint VM operation: RendezvousGCThreads
Event: 34848.785 Executing non-safepoint VM operation: RendezvousGCThreads done
Event: 34908.916 Executing non-safepoint VM operation: HandshakeAllThreads (HandshakeForDeflation)
Event: 34908.916 Executing non-safepoint VM operation: HandshakeAllThreads (HandshakeForDeflation) done
Event: 34908.916 Executing non-safepoint VM operation: RendezvousGCThreads
Event: 34908.916 Executing non-safepoint VM operation: RendezvousGCThreads done
Event: 34969.109 Executing non-safepoint VM operation: HandshakeAllThreads (HandshakeForDeflation)
Event: 34969.109 Executing non-safepoint VM operation: HandshakeAllThreads (HandshakeForDeflation) done
Event: 34969.109 Executing non-safepoint VM operation: RendezvousGCThreads
Event: 34969.109 Executing non-safepoint VM operation: RendezvousGCThreads done
Event: 35015.407 Executing safepoint VM operation: ParallelGCFailedAllocation (Allocation Failure)
Event: 35015.448 Executing safepoint VM operation: ParallelGCFailedAllocation (Allocation Failure) done
Event: 35015.516 Executing safepoint VM operation: ParallelGCFailedAllocation (Allocation Failure)
Event: 35015.520 Executing safepoint VM operation: ParallelGCFailedAllocation (Allocation Failure) done
Event: 35016.526 Executing safepoint VM operation: Cleanup
Event: 35016.526 Executing safepoint VM operation: Cleanup done
Event: 35029.366 Executing non-safepoint VM operation: HandshakeAllThreads (HandshakeForDeflation)
Event: 35029.366 Executing non-safepoint VM operation: HandshakeAllThreads (HandshakeForDeflation) done
Event: 35029.366 Executing non-safepoint VM operation: RendezvousGCThreads
Event: 35029.366 Executing non-safepoint VM operation: RendezvousGCThreads done

Memory protections (0 events):
No events

Nmethod flushes (20 events):
Event: 4.896 Thread 0x000001bdba704a50 flushing osr nmethod 0x000001bdbe36a710
Event: 4.896 Thread 0x000001bdba704a50 flushing osr nmethod 0x000001bdbe374790
Event: 4.896 Thread 0x000001bdba704a50 flushing  nmethod 0x000001bdbe381d90
Event: 4.896 Thread 0x000001bdba704a50 flushing  nmethod 0x000001bdbe384110
Event: 4.896 Thread 0x000001bdba704a50 flushing  nmethod 0x000001bdbe394790
Event: 4.896 Thread 0x000001bdba704a50 flushing  nmethod 0x000001bdbe39b590
Event: 4.896 Thread 0x000001bdba704a50 flushing  nmethod 0x000001bdbe3a5790
Event: 4.896 Thread 0x000001bdba704a50 flushing  nmethod 0x000001bdbe3a6290
Event: 4.896 Thread 0x000001bdba704a50 flushing  nmethod 0x000001bdbe3a8710
Event: 4.896 Thread 0x000001bdba704a50 flushing  nmethod 0x000001bdbe3b7810
Event: 4.896 Thread 0x000001bdba704a50 flushing  nmethod 0x000001bdbe3d0d10
Event: 4.896 Thread 0x000001bdba704a50 flushing  nmethod 0x000001bdbe3e3c90
Event: 4.896 Thread 0x000001bdba704a50 flushing  nmethod 0x000001bdbe3e4290
Event: 4.896 Thread 0x000001bdba704a50 flushing  nmethod 0x000001bdbe3e5210
Event: 4.896 Thread 0x000001bdba704a50 flushing  nmethod 0x000001bdbe3e5a90
Event: 4.896 Thread 0x000001bdba704a50 flushing  nmethod 0x000001bdbe3e5e10
Event: 4.896 Thread 0x000001bdba704a50 flushing  nmethod 0x000001bdbe3e9810
Event: 4.896 Thread 0x000001bdba704a50 flushing  nmethod 0x000001bdbe3ec190
Event: 4.896 Thread 0x000001bdba704a50 flushing  nmethod 0x000001bdbe458190
Event: 4.896 Thread 0x000001bdba704a50 flushing  nmethod 0x000001bdbe479990

Events (20 events):
Event: 5860.843 Thread 0x000001be1374a170 Thread added: 0x000001be239df280
Event: 5861.109 Thread 0x000001be239b0ca0 Thread added: 0x000001be239b2050
Event: 5861.173 Thread 0x000001be1374a170 Thread added: 0x000001be239dde10
Event: 5861.209 Thread 0x000001be239df280 Thread added: 0x000001be239e0020
Event: 5861.213 Thread 0x000001be239df280 Thread added: 0x000001be239e2230
Event: 5861.230 Thread 0x000001be1c773650 Thread added: 0x000001be239b5b60
Event: 5861.236 Thread 0x000001be1c773650 Thread added: 0x000001be239b26e0
Event: 5861.280 Thread 0x000001be239df280 Thread added: 0x000001be239e1b60
Event: 5866.503 Thread 0x000001be239df280 Thread exited: 0x000001be239df280
Event: 5866.534 Thread 0x000001be239e1b60 Thread exited: 0x000001be239e1b60
Event: 5866.781 Thread 0x000001be239e2230 Thread exited: 0x000001be239e2230
Event: 5871.628 Thread 0x000001be239e0020 Thread exited: 0x000001be239e0020
Event: 5876.546 Thread 0x000001be239dde10 Thread exited: 0x000001be239dde10
Event: 5921.287 Thread 0x000001be239b26e0 Thread exited: 0x000001be239b26e0
Event: 5921.503 Thread 0x000001be239b0ca0 Thread exited: 0x000001be239b0ca0
Event: 6161.124 Thread 0x000001be239b2050 Thread added: 0x000001be239b26e0
Event: 6161.124 Thread 0x000001be239b26e0 Thread exited: 0x000001be239b26e0
Event: 6161.126 Thread 0x000001be239b2050 Thread added: 0x000001be239b26e0
Event: 6161.126 Thread 0x000001be239b26e0 Thread exited: 0x000001be239b26e0
Event: 6161.232 Thread 0x000001be239b5b60 Thread exited: 0x000001be239b5b60


Dynamic libraries:
0x00007ff6301c0000 - 0x00007ff6301ce000 	c:\Users\suyuluo\.cursor\extensions\redhat.java-1.53.0-win32-x64\jre\21.0.10-win32-x86_64\bin\java.exe
0x00007ffd52ca0000 - 0x00007ffd52f07000 	C:\WINDOWS\SYSTEM32\ntdll.dll
0x00007ffd51ac0000 - 0x00007ffd51b89000 	C:\WINDOWS\System32\KERNEL32.DLL
0x00007ffd50640000 - 0x00007ffd50a31000 	C:\WINDOWS\System32\KERNELBASE.dll
0x00007ffd4fb00000 - 0x00007ffd4fc4b000 	C:\WINDOWS\System32\ucrtbase.dll
0x00007ffd47cc0000 - 0x00007ffd47cd8000 	c:\Users\suyuluo\.cursor\extensions\redhat.java-1.53.0-win32-x64\jre\21.0.10-win32-x86_64\bin\jli.dll
0x00007ffd514a0000 - 0x00007ffd51665000 	C:\WINDOWS\System32\USER32.dll
0x00007ffd47ca0000 - 0x00007ffd47cbe000 	c:\Users\suyuluo\.cursor\extensions\redhat.java-1.53.0-win32-x64\jre\21.0.10-win32-x86_64\bin\VCRUNTIME140.dll
0x00007ffd4fd10000 - 0x00007ffd4fd37000 	C:\WINDOWS\System32\win32u.dll
0x00007ffd34500000 - 0x00007ffd34793000 	C:\WINDOWS\WinSxS\amd64_microsoft.windows.common-controls_6595b64144ccf1df_6.0.26100.8037_none_3e092faae333b53b\COMCTL32.dll
0x00007ffd51300000 - 0x00007ffd5132b000 	C:\WINDOWS\System32\GDI32.dll
0x00007ffd50e40000 - 0x00007ffd50ee9000 	C:\WINDOWS\System32\msvcrt.dll
0x00007ffd4f9d0000 - 0x00007ffd4fafb000 	C:\WINDOWS\System32\gdi32full.dll
0x00007ffd4f7a0000 - 0x00007ffd4f843000 	C:\WINDOWS\System32\msvcp_win.dll
0x00007ffd519e0000 - 0x00007ffd51a11000 	C:\WINDOWS\System32\IMM32.DLL
0x00007ffd47c90000 - 0x00007ffd47c9c000 	c:\Users\suyuluo\.cursor\extensions\redhat.java-1.53.0-win32-x64\jre\21.0.10-win32-x86_64\bin\vcruntime140_1.dll
0x00007ffd47c00000 - 0x00007ffd47c8d000 	c:\Users\suyuluo\.cursor\extensions\redhat.java-1.53.0-win32-x64\jre\21.0.10-win32-x86_64\bin\msvcp140.dll
0x00007ffcab180000 - 0x00007ffcabf21000 	c:\Users\suyuluo\.cursor\extensions\redhat.java-1.53.0-win32-x64\jre\21.0.10-win32-x86_64\bin\server\jvm.dll
0x00007ffd52b20000 - 0x00007ffd52bdb000 	C:\WINDOWS\System32\ADVAPI32.dll
0x00007ffd51870000 - 0x00007ffd51917000 	C:\WINDOWS\System32\sechost.dll
0x00007ffd50d20000 - 0x00007ffd50e38000 	C:\WINDOWS\System32\RPCRT4.dll
0x00007ffd52910000 - 0x00007ffd52984000 	C:\WINDOWS\System32\WS2_32.dll
0x00007ffd4e1a0000 - 0x00007ffd4e1fe000 	C:\WINDOWS\SYSTEM32\POWRPROF.dll
0x00007ffd474a0000 - 0x00007ffd474d5000 	C:\WINDOWS\SYSTEM32\WINMM.dll
0x00007ffd48650000 - 0x00007ffd4865b000 	C:\WINDOWS\SYSTEM32\VERSION.dll
0x00007ffd4e180000 - 0x00007ffd4e194000 	C:\WINDOWS\SYSTEM32\UMPDC.dll
0x00007ffd4e430000 - 0x00007ffd4e44b000 	C:\WINDOWS\SYSTEM32\kernel.appcore.dll
0x00007ffd47bf0000 - 0x00007ffd47bfa000 	c:\Users\suyuluo\.cursor\extensions\redhat.java-1.53.0-win32-x64\jre\21.0.10-win32-x86_64\bin\jimage.dll
0x00007ffd4d070000 - 0x00007ffd4d2b2000 	C:\WINDOWS\SYSTEM32\DBGHELP.DLL
0x00007ffd50f20000 - 0x00007ffd512a2000 	C:\WINDOWS\System32\combase.dll
0x00007ffd51b90000 - 0x00007ffd51c67000 	C:\WINDOWS\System32\OLEAUT32.dll
0x00007ffd2eab0000 - 0x00007ffd2eaeb000 	C:\WINDOWS\SYSTEM32\dbgcore.DLL
0x00007ffd4f6f0000 - 0x00007ffd4f795000 	C:\WINDOWS\System32\bcryptPrimitives.dll
0x00007ffd47be0000 - 0x00007ffd47bef000 	c:\Users\suyuluo\.cursor\extensions\redhat.java-1.53.0-win32-x64\jre\21.0.10-win32-x86_64\bin\instrument.dll
0x00007ffd47bc0000 - 0x00007ffd47be0000 	c:\Users\suyuluo\.cursor\extensions\redhat.java-1.53.0-win32-x64\jre\21.0.10-win32-x86_64\bin\java.dll
0x00007ffd52100000 - 0x00007ffd5285f000 	C:\WINDOWS\System32\SHELL32.dll
0x00007ffd4f580000 - 0x00007ffd4f6ea000 	C:\WINDOWS\System32\wintypes.dll
0x00007ffd4fdd0000 - 0x00007ffd50634000 	C:\WINDOWS\System32\windows.storage.dll
0x00007ffd529a0000 - 0x00007ffd52a97000 	C:\WINDOWS\System32\SHCORE.dll
0x00007ffd528a0000 - 0x00007ffd52907000 	C:\WINDOWS\System32\shlwapi.dll
0x00007ffd4f4a0000 - 0x00007ffd4f4c9000 	C:\WINDOWS\SYSTEM32\profapi.dll
0x00007ffd47ba0000 - 0x00007ffd47bb8000 	c:\Users\suyuluo\.cursor\extensions\redhat.java-1.53.0-win32-x64\jre\21.0.10-win32-x86_64\bin\zip.dll
0x00007ffd47b80000 - 0x00007ffd47b90000 	C:\Users\suyuluo\.cursor\extensions\redhat.java-1.53.0-win32-x64\jre\21.0.10-win32-x86_64\bin\net.dll
0x00007ffd49c70000 - 0x00007ffd49d97000 	C:\WINDOWS\SYSTEM32\WINHTTP.dll
0x00007ffd4e9a0000 - 0x00007ffd4ea0b000 	C:\WINDOWS\system32\mswsock.dll
0x00007ffd47b60000 - 0x00007ffd47b76000 	C:\Users\suyuluo\.cursor\extensions\redhat.java-1.53.0-win32-x64\jre\21.0.10-win32-x86_64\bin\nio.dll
0x00007ffd47980000 - 0x00007ffd47990000 	c:\Users\suyuluo\.cursor\extensions\redhat.java-1.53.0-win32-x64\jre\21.0.10-win32-x86_64\bin\verify.dll
0x00007ffd47b10000 - 0x00007ffd47b55000 	C:\Users\suyuluo\AppData\Roaming\Cursor\User\globalStorage\redhat.java\1.53.0\config_win\org.eclipse.equinox.launcher\org.eclipse.equinox.launcher.win32.win32.x86_64_1.3.0.v20260203-2149\eclipse_11919.dll
0x00007ffd51670000 - 0x00007ffd51805000 	C:\WINDOWS\System32\ole32.dll
0x00007ffd4ec80000 - 0x00007ffd4ec9b000 	C:\WINDOWS\SYSTEM32\CRYPTSP.dll
0x00007ffd4e390000 - 0x00007ffd4e3c9000 	C:\WINDOWS\system32\rsaenh.dll
0x00007ffd4ea50000 - 0x00007ffd4ea82000 	C:\WINDOWS\SYSTEM32\USERENV.dll
0x00007ffd4f470000 - 0x00007ffd4f49a000 	C:\WINDOWS\SYSTEM32\bcrypt.dll
0x00007ffd4eca0000 - 0x00007ffd4ecac000 	C:\WINDOWS\SYSTEM32\CRYPTBASE.dll
0x00007ffd4de60000 - 0x00007ffd4de93000 	C:\WINDOWS\SYSTEM32\IPHLPAPI.DLL
0x00007ffd51ab0000 - 0x00007ffd51aba000 	C:\WINDOWS\System32\NSI.dll
0x00007ffd47a30000 - 0x00007ffd47a79000 	C:\Users\suyuluo\AppData\Local\Temp\jna-33412452\jna15081810717034945205.dll
0x00007ffd51490000 - 0x00007ffd51498000 	C:\WINDOWS\System32\PSAPI.DLL
0x00007ffd49da0000 - 0x00007ffd49dbd000 	C:\WINDOWS\SYSTEM32\dhcpcsvc6.DLL
0x00007ffd49c20000 - 0x00007ffd49c43000 	C:\WINDOWS\SYSTEM32\dhcpcsvc.DLL
0x00007ffd20d70000 - 0x00007ffd20d7e000 	C:\Users\suyuluo\.cursor\extensions\redhat.java-1.53.0-win32-x64\jre\21.0.10-win32-x86_64\bin\sunmscapi.dll
0x00007ffd4f850000 - 0x00007ffd4f9c7000 	C:\WINDOWS\System32\CRYPT32.dll
0x00007ffd4eea0000 - 0x00007ffd4eed0000 	C:\WINDOWS\SYSTEM32\ncrypt.dll
0x00007ffd4ee50000 - 0x00007ffd4ee8f000 	C:\WINDOWS\SYSTEM32\NTASN1.dll

JVMTI agents:
c:\Users\suyuluo\.cursor\extensions\redhat.java-1.53.0-win32-x64\lombok\lombok-1.18.39-4050.jar path:c:\Users\suyuluo\.cursor\extensions\redhat.java-1.53.0-win32-x64\jre\21.0.10-win32-x86_64\bin\instrument.dll, loaded, initialized, instrumentlib options:none

dbghelp: loaded successfully - version: 4.0.5 - missing functions: none
symbol engine: initialized successfully - sym options: 0x614 - pdb path: .;c:\Users\suyuluo\.cursor\extensions\redhat.java-1.53.0-win32-x64\jre\21.0.10-win32-x86_64\bin;C:\WINDOWS\SYSTEM32;C:\WINDOWS\WinSxS\amd64_microsoft.windows.common-controls_6595b64144ccf1df_6.0.26100.8037_none_3e092faae333b53b;c:\Users\suyuluo\.cursor\extensions\redhat.java-1.53.0-win32-x64\jre\21.0.10-win32-x86_64\bin\server;C:\Users\suyuluo\AppData\Roaming\Cursor\User\globalStorage\redhat.java\1.53.0\config_win\org.eclipse.equinox.launcher\org.eclipse.equinox.launcher.win32.win32.x86_64_1.3.0.v20260203-2149;C:\Users\suyuluo\AppData\Local\Temp\jna-33412452

VM Arguments:
jvm_args: --add-modules=ALL-SYSTEM --add-opens=java.base/java.util=ALL-UNNAMED --add-opens=java.base/java.lang=ALL-UNNAMED --add-opens=java.base/sun.nio.fs=ALL-UNNAMED -Declipse.application=org.eclipse.jdt.ls.core.id1 -Dosgi.bundles.defaultStartLevel=4 -Declipse.product=org.eclipse.jdt.ls.core.product -Djava.import.generatesMetadataFilesAtProjectRoot=false -DDetectVMInstallationsJob.disabled=true -Dfile.encoding=utf8 -XX:+UseParallelGC -XX:GCTimeRatio=4 -XX:AdaptiveSizePolicyWeight=90 -Dsun.zip.disableMemoryMapping=true -Xmx2G -Xms100m -Xlog:disable -javaagent:c:\Users\suyuluo\.cursor\extensions\redhat.java-1.53.0-win32-x64\lombok\lombok-1.18.39-4050.jar -XX:+HeapDumpOnOutOfMemoryError -XX:HeapDumpPath=c:\Users\suyuluo\AppData\Roaming\Cursor\User\workspaceStorage\20d79888ae8e972b674dbfa889bd03dd\redhat.java -Daether.dependencyCollector.impl=bf 
java_command: c:\Users\suyuluo\.cursor\extensions\redhat.java-1.53.0-win32-x64\server\plugins\org.eclipse.equinox.launcher_1.7.100.v20251111-0406.jar -configuration c:\Users\suyuluo\AppData\Roaming\Cursor\User\globalStorage\redhat.java\1.53.0\config_win -data c:\Users\suyuluo\AppData\Roaming\Cursor\User\workspaceStorage\20d79888ae8e972b674dbfa889bd03dd\redhat.java\jdt_ws --pipe=\\.\pipe\lsp-90094d77f57643de3978a83159dd36d5-sock
java_class_path (initial): c:\Users\suyuluo\.cursor\extensions\redhat.java-1.53.0-win32-x64\server\plugins\org.eclipse.equinox.launcher_1.7.100.v20251111-0406.jar
Launcher Type: SUN_STANDARD

[Global flags]
    uintx AdaptiveSizePolicyWeight                 = 90                                        {product} {command line}
     intx CICompilerCount                          = 15                                        {product} {ergonomic}
    uintx GCTimeRatio                              = 4                                         {product} {command line}
     bool HeapDumpOnOutOfMemoryError               = true                                   {manageable} {command line}
    ccstr HeapDumpPath                             = c:\Users\suyuluo\AppData\Roaming\Cursor\User\workspaceStorage\20d79888ae8e972b674dbfa889bd03dd\redhat.java         {manageable} {command line}
   size_t InitialHeapSize                          = 104857600                                 {product} {command line}
   size_t MaxHeapSize                              = 2147483648                                {product} {command line}
   size_t MaxNewSize                               = 715653120                                 {product} {ergonomic}
   size_t MinHeapDeltaBytes                        = 524288                                    {product} {ergonomic}
   size_t MinHeapSize                              = 104857600                                 {product} {command line}
   size_t NewSize                                  = 34603008                                  {product} {ergonomic}
    uintx NonNMethodCodeHeapSize                   = 8192380                                {pd product} {ergonomic}
    uintx NonProfiledCodeHeapSize                  = 121732930                              {pd product} {ergonomic}
   size_t OldSize                                  = 70254592                                  {product} {ergonomic}
    uintx ProfiledCodeHeapSize                     = 121732930                              {pd product} {ergonomic}
    uintx ReservedCodeCacheSize                    = 251658240                              {pd product} {ergonomic}
     bool SegmentedCodeCache                       = true                                      {product} {ergonomic}
   size_t SoftMaxHeapSize                          = 2147483648                             {manageable} {ergonomic}
     bool UseCompressedOops                        = true                           {product lp64_product} {ergonomic}
     bool UseLargePagesIndividualAllocation        = false                                  {pd product} {ergonomic}
     bool UseParallelGC                            = true                                      {product} {command line}

Logging:
Log output configuration:
 #0: stdout all=off uptime,level,tags foldmultilines=false
 #1: stderr all=off uptime,level,tags foldmultilines=false

Release file:
JAVA_VERSION="21.0.10" 
MODULES="java.base java.compiler java.datatransfer java.xml java.prefs java.desktop java.instrument java.logging java.management java.security.sasl java.naming java.rmi java.management.rmi java.net.http java.scripting java.security.jgss java.transaction.xa java.sql java.sql.rowset java.xml.crypto java.se java.smartcardio jdk.accessibility jdk.internal.jvmstat jdk.attach jdk.charsets jdk.internal.opt jdk.zipfs jdk.compiler jdk.crypto.ec jdk.crypto.cryptoki jdk.crypto.mscapi jdk.dynalink jdk.internal.ed jdk.editpad jdk.hotspot.agent jdk.httpserver jdk.internal.le jdk.internal.vm.ci jdk.internal.vm.compiler jdk.internal.vm.compiler.management jdk.jartool jdk.javadoc jdk.jcmd jdk.management jdk.management.agent jdk.jconsole jdk.jdeps jdk.jdwp.agent jdk.jdi jdk.jfr jdk.jshell jdk.jsobject jdk.jstatd jdk.localedata jdk.management.jfr jdk.naming.dns jdk.naming.rmi jdk.net jdk.nio.mapmode jdk.random jdk.sctp jdk.security.auth jdk.security.jgss jdk.unsupported jdk.unsupported.desktop jdk.xml.dom" 

Environment Variables:
JAVA_HOME=C:\Program Files\Java\jdk-23
CLASSPATH=.;C:\Program Files\Java\jdk-23\lib\dt.jar;C:\Program Files\Java\jdk-23\lib\tools.jar
PATH=C:\Program Files\NVIDIA GPU Computing Toolkit\CUDA\v13.0\bin\x64;C:\Program Files\NVIDIA GPU Computing Toolkit\CUDA\v13.0\bin;D:\VMwareworkstation\bin\;C:\Python313\Scripts\;C:\Python313\;C:\Program Files\Common Files\Oracle\Java\javapath;C:\WINDOWS\system32;C:\WINDOWS;C:\WINDOWS\System32\Wbem;C:\WINDOWS\System32\WindowsPowerShell\v1.0\;C:\WINDOWS\System32\OpenSSH\;C:\Program Files (x86)\NVIDIA Corporation\PhysX\Common;C:\Program Files\NVIDIA Corporation\NVIDIA NvDLISR;C:\Program Files\dotnet\;C:\Program Files\Bandizip\;C:\Program Files\MATLAB\R2023b\runtime\win64;C:\Program Files\MATLAB\R2023b\bin;C:\Program Files\MATLAB\R2022b\runtime\win64;C:\Program Files\MATLAB\R2022b\bin;C:\Program Files\MATLAB\R2022a\runtime\win64;C:\Program Files\MATLAB\R2022a\bin;C:\Program Files\Microsoft SQL Server\150\Tools\Binn\;C:\Program Files\Microsoft SQL Server\Client SDK\ODBC\170\Tools\Binn\;C:\Program Files (x86)\Windows Kits\10\Windows Performance Toolkit\;C:\Program Files\mingw64\bin;C:\Program Files\Java\jdk-23\bin;C:\Program Files\Java\jdk-23\jre\bin;C:\Program Files\Java\jdk-23\bin;D:\Node.js\;D:\Node.js\node_modules\node_global;C:\Program Files\MySQL\MySQL Server 9.3\bin;D:\git-2.50.1\Git\cmd;C:\Program Files\NVIDIA Corporation\Nsight Compute 2025.3.1\;D:\Cursor\cursor1\resources\app\bin;d:\Trae\bin;C:\Users\suyuluo\AppData\Local\Programs\Python\Launcher\;C:\Users\suyuluo\AppData\Local\Programs\Python\Python313\Scripts\;C:\Users\suyuluo\AppData\Local\Programs\Python\Python313\;C:\Users\suyuluo\AppData\Local\Microsoft\WindowsApps;C:\Users\suyuluo\.dotnet\tools;C:\Program Files\mingw64\bin;C:\Users\suyuluo\AppData\Local\Programs\Microsoft VS Code\bin;D:\anaconda;D:\anaconda\Scripts;D:\anaconda\Library\bin;C:\Program Files\Java\jdk-23\bin;C:\Program Files\Java\jdk-23\jre\bin;C:\Program Files\Java\jdk-23\bin;D:\Node.js\node_global;D:\Node.js\node_global;C:\IntelliJ IDEA Community Edition 2024.3.5\bin;D:\Pycharm\PyCharm 2025.1\bin;D:\Cursor\cursor\resources\app\bin;C:\Users\suyuluo\AppData\Local\GitHubDesktop\bin;C:\Users\劼迾邈\AppData\Local\Programs\Microsoft VS Code\bin
USERNAME=劼迾邈
OS=Windows_NT
PROCESSOR_IDENTIFIER=Intel64 Family 6 Model 183 Stepping 1, GenuineIntel
TMP=C:\Users\suyuluo\AppData\Local\Temp
TEMP=C:\Users\suyuluo\AppData\Local\Temp




Periodic native trim disabled

---------------  S Y S T E M  ---------------

OS:
 Windows 11 , 64 bit Build 26100 (10.0.26100.7920)
OS uptime: 0 days 9:47 hours

CPU: total 32 (initial active 32) (32 cores per cpu, 1 threads per core) family 6 model 183 stepping 1 microcode 0x12b, cx8, cmov, fxsr, mmx, 3dnowpref, sse, sse2, sse3, ssse3, sse4.1, sse4.2, popcnt, lzcnt, tsc, tscinvbit, avx, avx2, aes, erms, clmul, bmi1, bmi2, adx, sha, fma, vzeroupper, clflush, clflushopt, clwb, serialize, rdtscp, rdpid, fsrm, f16c, pku, cet_ibt, cet_ss
Processor Information for processor 0
  Max Mhz: 2200, Current Mhz: 2200, Mhz Limit: 2200
Processor Information for processor 1
  Max Mhz: 2200, Current Mhz: 2200, Mhz Limit: 2200
Processor Information for processor 2
  Max Mhz: 2200, Current Mhz: 2200, Mhz Limit: 2200
Processor Information for processor 3
  Max Mhz: 2200, Current Mhz: 2200, Mhz Limit: 2200
Processor Information for processor 4
  Max Mhz: 2200, Current Mhz: 2200, Mhz Limit: 2200
Processor Information for processor 5
  Max Mhz: 2200, Current Mhz: 2200, Mhz Limit: 2200
Processor Information for processor 6
  Max Mhz: 2200, Current Mhz: 2200, Mhz Limit: 2200
Processor Information for processor 7
  Max Mhz: 2200, Current Mhz: 2200, Mhz Limit: 2200
Processor Information for processor 8
  Max Mhz: 2200, Current Mhz: 2200, Mhz Limit: 2200
Processor Information for processor 9
  Max Mhz: 2200, Current Mhz: 2200, Mhz Limit: 2200
Processor Information for processor 10
  Max Mhz: 2200, Current Mhz: 2200, Mhz Limit: 2200
Processor Information for processor 11
  Max Mhz: 2200, Current Mhz: 2200, Mhz Limit: 2200
Processor Information for processor 12
  Max Mhz: 2200, Current Mhz: 2200, Mhz Limit: 2200
Processor Information for processor 13
  Max Mhz: 2200, Current Mhz: 2200, Mhz Limit: 2200
Processor Information for processor 14
  Max Mhz: 2200, Current Mhz: 2200, Mhz Limit: 2200
Processor Information for processor 15
  Max Mhz: 2200, Current Mhz: 2200, Mhz Limit: 2200
Processor Information for processor 16
  Max Mhz: 2200, Current Mhz: 1600, Mhz Limit: 1584
Processor Information for processor 17
  Max Mhz: 2200, Current Mhz: 1600, Mhz Limit: 1584
Processor Information for processor 18
  Max Mhz: 2200, Current Mhz: 1600, Mhz Limit: 1584
Processor Information for processor 19
  Max Mhz: 2200, Current Mhz: 1600, Mhz Limit: 1584
Processor Information for processor 20
  Max Mhz: 2200, Current Mhz: 1600, Mhz Limit: 1584
Processor Information for processor 21
  Max Mhz: 2200, Current Mhz: 1600, Mhz Limit: 1584
Processor Information for processor 22
  Max Mhz: 2200, Current Mhz: 1600, Mhz Limit: 1584
Processor Information for processor 23
  Max Mhz: 2200, Current Mhz: 1600, Mhz Limit: 1584
Processor Information for processor 24
  Max Mhz: 2200, Current Mhz: 1600, Mhz Limit: 1584
Processor Information for processor 25
  Max Mhz: 2200, Current Mhz: 1600, Mhz Limit: 1584
Processor Information for processor 26
  Max Mhz: 2200, Current Mhz: 1600, Mhz Limit: 1584
Processor Information for processor 27
  Max Mhz: 2200, Current Mhz: 1600, Mhz Limit: 1584
Processor Information for processor 28
  Max Mhz: 2200, Current Mhz: 1600, Mhz Limit: 1584
Processor Information for processor 29
  Max Mhz: 2200, Current Mhz: 1600, Mhz Limit: 1584
Processor Information for processor 30
  Max Mhz: 2200, Current Mhz: 1600, Mhz Limit: 1584
Processor Information for processor 31
  Max Mhz: 2200, Current Mhz: 1600, Mhz Limit: 1584

Memory: 4k page, system-wide physical 16002M (1344M free)
TotalPageFile size 29212M (AvailPageFile size 108M)
current process WorkingSet (physical memory assigned to process): 98M, peak: 388M
current process commit charge ("private bytes"): 558M, peak: 606M

vm_info: OpenJDK 64-Bit Server VM (21.0.10+7-LTS) for windows-amd64 JRE (21.0.10+7-LTS), built on 2026-01-20T00:00:00Z by "admin" with MS VC++ 17.12 (VS2022)

END.
