#
# There is insufficient memory for the Java Runtime Environment to continue.
# Native memory allocation (mmap) failed to map 264241152 bytes. Error detail: G1 virtual space
# Possible reasons:
#   The system is out of physical RAM or swap space
#   This process is running with CompressedOops enabled, and the Java Heap may be blocking the growth of the native heap
# Possible solutions:
#   Reduce memory load on the system
#   Increase physical memory or swap space
#   Check if swap backing store is full
#   Decrease Java heap size (-Xmx/-Xms)
#   Decrease number of Java threads
#   Decrease Java thread stack sizes (-Xss)
#   Set larger code cache with -XX:ReservedCodeCacheSize=
#   JVM is running with Zero Based Compressed Oops mode in which the Java heap is
#     placed in the first 32GB address space. The Java Heap base address is the
#     maximum limit for the native heap growth. Please use -XX:HeapBaseMinAddress
#     to set the Java Heap base and to place the Java Heap above 32GB virtual address.
# This output file may be truncated or incomplete.
#
#  Out of Memory Error (os_windows.cpp:3707), pid=27584, tid=37672
#
# JRE version:  (23.0.2+7) (build )
# Java VM: Java HotSpot(TM) 64-Bit Server VM (23.0.2+7-58, mixed mode, sharing, tiered, compressed oops, compressed class ptrs, g1 gc, windows-amd64)
# No core dump will be written. Minidumps are not enabled by default on client versions of Windows
#

---------------  S U M M A R Y ------------

Command Line: -XX:ReservedCodeCacheSize=128m -Dclassworlds.conf=C:\Users\suyuluo\tools\apache-maven-3.9.9\bin\m2.conf -Dmaven.home=C:\Users\suyuluo\tools\apache-maven-3.9.9 -Dlibrary.jansi.path=C:\Users\suyuluo\tools\apache-maven-3.9.9\lib\jansi-native -Dmaven.multiModuleProjectDirectory=D:\Project29\Group29_Project\software-code org.codehaus.plexus.classworlds.launcher.Launcher clean package -DskipTests

Host: Intel(R) Core(TM) i9-14900HX, 32 cores, 15G,  Windows 11 , 64 bit Build 26100 (10.0.26100.7920)
Time: Wed Apr  1 15:58:40 2026  Windows 11 , 64 bit Build 26100 (10.0.26100.7920) elapsed time: 0.009047 seconds (0d 0h 0m 0s)

---------------  T H R E A D  ---------------

Current thread (0x000002008a404ca0):  JavaThread "Unknown thread" [_thread_in_vm, id=37672, stack(0x0000006aa7000000,0x0000006aa7100000) (1024K)]

Stack: [0x0000006aa7000000,0x0000006aa7100000]
Native frames: (J=compiled Java code, j=interpreted, Vv=VM code, C=native code)
V  [jvm.dll+0x6e0b99]  (no source info available)
V  [jvm.dll+0x87e2b3]  (no source info available)
V  [jvm.dll+0x88073e]  (no source info available)
V  [jvm.dll+0x880e13]  (no source info available)
V  [jvm.dll+0x27b006]  (no source info available)
V  [jvm.dll+0x6dd485]  (no source info available)
V  [jvm.dll+0x6d127a]  (no source info available)
V  [jvm.dll+0x35b50a]  (no source info available)
V  [jvm.dll+0x363916]  (no source info available)
V  [jvm.dll+0x34fe7e]  (no source info available)
V  [jvm.dll+0x350118]  (no source info available)
V  [jvm.dll+0x328aec]  (no source info available)
V  [jvm.dll+0x32978e]  (no source info available)
V  [jvm.dll+0x8449a5]  (no source info available)
V  [jvm.dll+0x3b9a08]  (no source info available)
V  [jvm.dll+0x82d68c]  (no source info available)
V  [jvm.dll+0x454f2e]  (no source info available)
V  [jvm.dll+0x456db1]  (no source info available)
C  [jli.dll+0x52a3]  (no source info available)
C  [ucrtbase.dll+0x37b0]  (no source info available)
C  [KERNEL32.DLL+0x2e8d7]  (no source info available)
C  [ntdll.dll+0x8c48c]  (no source info available)

Lock stack of current Java thread (top to bottom):


---------------  P R O C E S S  ---------------

Threads class SMR info:
_java_thread_list=0x00007ffcacb24618, length=0, elements={
}

Java Threads: ( => current thread )
Total: 0

Other Threads:
  0x000002008a46ef10 WorkerThread "GC Thread#0"                     [id=38148, stack(0x0000006aa7100000,0x0000006aa7200000) (1024K)]
  0x000002008a483930 ConcurrentGCThread "G1 Main Marker"            [id=48320, stack(0x0000006aa7200000,0x0000006aa7300000) (1024K)]
  0x000002008a484640 WorkerThread "G1 Conc#0"                       [id=18328, stack(0x0000006aa7300000,0x0000006aa7400000) (1024K)]

[error occurred during error reporting (printing all threads), id 0xc0000005, EXCEPTION_ACCESS_VIOLATION (0xc0000005) at pc=0x00007ffcac26c0da]
VM state: not at safepoint (not fully initialized)

VM Mutex/Monitor currently owned by a thread:  ([mutex/lock_event])
[0x00007ffcacba4988] Heap_lock - owner thread: 0x000002008a404ca0

Heap address: 0x0000000705e00000, size: 4002 MB, Compressed Oops mode: Zero based, Oop shift amount: 3

CDS archive(s) mapped at: [0x0000000000000000-0x0000000000000000-0x0000000000000000), size 0, SharedBaseAddress: 0x0000000800000000, ArchiveRelocationMode: 1.
Narrow klass base: 0x0000000000000000, Narrow klass shift: 0, Narrow klass range: 0x0

GC Precious Log:
 CardTable entry size: 512
 Card Set container configuration: InlinePtr #cards 4 size 8 Array Of Cards #cards 16 size 48 Howl #buckets 8 coarsen threshold 3686 Howl Bitmap #cards 512 size 80 coarsen threshold 460 Card regions per heap region 1 cards per card region 4096

Heap:
 garbage-first heap   total reserved 4098048K, committed 0K, used 0K [0x0000000705e00000, 0x0000000800000000)
  region size 2048K, 0 young (0K), 0 survivors (0K)

[error occurred during error reporting (printing heap information), id 0xc0000005, EXCEPTION_ACCESS_VIOLATION (0xc0000005) at pc=0x00007ffcac66c6a9]
GC Heap History (0 events):
No events

Dll operation events (1 events):
Event: 0.005 Loaded shared library C:\Program Files\Java\jdk-23\bin\java.dll

Deoptimization events (0 events):
No events

Classes loaded (0 events):
No events

Classes unloaded (0 events):
No events

Classes redefined (0 events):
No events

Internal exceptions (0 events):
No events

VM Operations (0 events):
No events

Memory protections (0 events):
No events

Nmethod flushes (0 events):
No events

Events (0 events):
No events


Dynamic libraries:
0x00007ff63e920000 - 0x00007ff63e930000 	C:\Program Files\Java\jdk-23\bin\java.exe
0x00007ffd52ca0000 - 0x00007ffd52f07000 	C:\WINDOWS\SYSTEM32\ntdll.dll
0x00007ffd51ac0000 - 0x00007ffd51b89000 	C:\WINDOWS\System32\KERNEL32.DLL
0x00007ffd50640000 - 0x00007ffd50a31000 	C:\WINDOWS\System32\KERNELBASE.dll
0x00007ffd4fb00000 - 0x00007ffd4fc4b000 	C:\WINDOWS\System32\ucrtbase.dll
0x00007ffd19a80000 - 0x00007ffd19a97000 	C:\Program Files\Java\jdk-23\bin\jli.dll
0x00007ffd48230000 - 0x00007ffd4824b000 	C:\Program Files\Java\jdk-23\bin\VCRUNTIME140.dll
0x00007ffd514a0000 - 0x00007ffd51665000 	C:\WINDOWS\System32\USER32.dll
0x00007ffd4fd10000 - 0x00007ffd4fd37000 	C:\WINDOWS\System32\win32u.dll
0x00007ffd34500000 - 0x00007ffd34793000 	C:\WINDOWS\WinSxS\amd64_microsoft.windows.common-controls_6595b64144ccf1df_6.0.26100.8037_none_3e092faae333b53b\COMCTL32.dll
0x00007ffd51300000 - 0x00007ffd5132b000 	C:\WINDOWS\System32\GDI32.dll
0x00007ffd50e40000 - 0x00007ffd50ee9000 	C:\WINDOWS\System32\msvcrt.dll
0x00007ffd4f9d0000 - 0x00007ffd4fafb000 	C:\WINDOWS\System32\gdi32full.dll
0x00007ffd4f7a0000 - 0x00007ffd4f843000 	C:\WINDOWS\System32\msvcp_win.dll
0x00007ffd519e0000 - 0x00007ffd51a11000 	C:\WINDOWS\System32\IMM32.DLL
0x00007ffd481b0000 - 0x00007ffd481bc000 	C:\Program Files\Java\jdk-23\bin\vcruntime140_1.dll
0x00007ffd47a80000 - 0x00007ffd47b0e000 	C:\Program Files\Java\jdk-23\bin\msvcp140.dll
0x00007ffcabf30000 - 0x00007ffcacc80000 	C:\Program Files\Java\jdk-23\bin\server\jvm.dll
0x00007ffd52b20000 - 0x00007ffd52bdb000 	C:\WINDOWS\System32\ADVAPI32.dll
0x00007ffd51870000 - 0x00007ffd51917000 	C:\WINDOWS\System32\sechost.dll
0x00007ffd50d20000 - 0x00007ffd50e38000 	C:\WINDOWS\System32\RPCRT4.dll
0x00007ffd52910000 - 0x00007ffd52984000 	C:\WINDOWS\System32\WS2_32.dll
0x00007ffd474a0000 - 0x00007ffd474d5000 	C:\WINDOWS\SYSTEM32\WINMM.dll
0x00007ffd4e1a0000 - 0x00007ffd4e1fe000 	C:\WINDOWS\SYSTEM32\POWRPROF.dll
0x00007ffd48650000 - 0x00007ffd4865b000 	C:\WINDOWS\SYSTEM32\VERSION.dll
0x00007ffd4e180000 - 0x00007ffd4e194000 	C:\WINDOWS\SYSTEM32\UMPDC.dll
0x00007ffd4e430000 - 0x00007ffd4e44b000 	C:\WINDOWS\SYSTEM32\kernel.appcore.dll
0x00007ffd48140000 - 0x00007ffd4814a000 	C:\Program Files\Java\jdk-23\bin\jimage.dll
0x00007ffd4d070000 - 0x00007ffd4d2b2000 	C:\WINDOWS\SYSTEM32\DBGHELP.DLL
0x00007ffd50f20000 - 0x00007ffd512a2000 	C:\WINDOWS\System32\combase.dll
0x00007ffd51b90000 - 0x00007ffd51c67000 	C:\WINDOWS\System32\OLEAUT32.dll
0x00007ffd2eab0000 - 0x00007ffd2eaeb000 	C:\WINDOWS\SYSTEM32\dbgcore.DLL
0x00007ffd4f6f0000 - 0x00007ffd4f795000 	C:\WINDOWS\System32\bcryptPrimitives.dll
0x00007ffd48150000 - 0x00007ffd4816e000 	C:\Program Files\Java\jdk-23\bin\java.dll
0x00007ffd51670000 - 0x00007ffd51805000 	C:\WINDOWS\System32\ole32.dll
0x00007ffd52100000 - 0x00007ffd5285f000 	C:\WINDOWS\System32\SHELL32.dll
0x00007ffd4f580000 - 0x00007ffd4f6ea000 	C:\WINDOWS\System32\wintypes.dll

dbghelp: loaded successfully - version: 4.0.5 - missing functions: none
symbol engine: initialized successfully - sym options: 0x614 - pdb path: .;C:\Program Files\Java\jdk-23\bin;C:\WINDOWS\SYSTEM32;C:\WINDOWS\WinSxS\amd64_microsoft.windows.common-controls_6595b64144ccf1df_6.0.26100.8037_none_3e092faae333b53b;C:\Program Files\Java\jdk-23\bin\server

VM Arguments:
jvm_args: -XX:ReservedCodeCacheSize=128m -Dclassworlds.conf=C:\Users\suyuluo\tools\apache-maven-3.9.9\bin\m2.conf -Dmaven.home=C:\Users\suyuluo\tools\apache-maven-3.9.9 -Dlibrary.jansi.path=C:\Users\suyuluo\tools\apache-maven-3.9.9\lib\jansi-native -Dmaven.multiModuleProjectDirectory=D:\Project29\Group29_Project\software-code 
java_command: org.codehaus.plexus.classworlds.launcher.Launcher clean package -DskipTests
java_class_path (initial): C:\Users\suyuluo\tools\apache-maven-3.9.9\boot\plexus-classworlds-2.8.0.jar
Launcher Type: SUN_STANDARD

[Global flags]
     intx CICompilerCount                          = 15                                        {product} {ergonomic}
     uint ConcGCThreads                            = 6                                         {product} {ergonomic}
     uint G1ConcRefinementThreads                  = 23                                        {product} {ergonomic}
   size_t G1HeapRegionSize                         = 2097152                                   {product} {ergonomic}
   size_t InitialHeapSize                          = 264241152                                 {product} {ergonomic}
   size_t MarkStackSize                            = 4194304                                   {product} {ergonomic}
   size_t MarkStackSizeMax                         = 536870912                                 {product} {ergonomic}
   size_t MaxHeapSize                              = 4196401152                                {product} {ergonomic}
   size_t MinHeapDeltaBytes                        = 2097152                                   {product} {ergonomic}
   size_t MinHeapSize                              = 8388608                                   {product} {ergonomic}
    uintx NonNMethodCodeHeapSize                   = 4096                                   {pd product} {ergonomic}
    uintx NonProfiledCodeHeapSize                  = 0                                      {pd product} {ergonomic}
    uintx ProfiledCodeHeapSize                     = 0                                      {pd product} {ergonomic}
    uintx ReservedCodeCacheSize                    = 134217728                              {pd product} {command line}
   size_t SoftMaxHeapSize                          = 4196401152                             {manageable} {ergonomic}
     bool UseCompressedOops                        = true                           {product lp64_product} {ergonomic}
     bool UseG1GC                                  = true                                      {product} {ergonomic}
     bool UseLargePagesIndividualAllocation        = false                                  {pd product} {ergonomic}

Logging:
Log output configuration:
 #0: stdout all=warning uptime,level,tags foldmultilines=false
 #1: stderr all=off uptime,level,tags foldmultilines=false

Environment Variables:
JAVA_HOME=C:\Program Files\Java\jdk-23
JAVA_TOOL_OPTIONS=-XX:ReservedCodeCacheSize=128m
CLASSPATH=.;C:\Program Files\Java\jdk-23\lib\dt.jar;C:\Program Files\Java\jdk-23\lib\tools.jar
PATH=D:\anaconda\condabin;C:\Program Files\NVIDIA GPU Computing Toolkit\CUDA\v13.0\bin\x64;C:\Program Files\NVIDIA GPU Computing Toolkit\CUDA\v13.0\bin;D:\VMwareworkstation\bin\;C:\Python313\Scripts\;C:\Python313\;C:\Program Files\Common Files\Oracle\Java\javapath;C:\WINDOWS\system32;C:\WINDOWS;C:\WINDOWS\System32\Wbem;C:\WINDOWS\System32\WindowsPowerShell\v1.0\;C:\WINDOWS\System32\OpenSSH\;C:\Program Files (x86)\NVIDIA Corporation\PhysX\Common;C:\Program Files\NVIDIA Corporation\NVIDIA NvDLISR;C:\Program Files\dotnet\;C:\Program Files\Bandizip\;C:\Program Files\MATLAB\R2023b\runtime\win64;C:\Program Files\MATLAB\R2023b\bin;C:\Program Files\MATLAB\R2022b\runtime\win64;C:\Program Files\MATLAB\R2022b\bin;C:\Program Files\MATLAB\R2022a\runtime\win64;C:\Program Files\MATLAB\R2022a\bin;C:\Program Files\Microsoft SQL Server\150\Tools\Binn\;C:\Program Files\Microsoft SQL Server\Client SDK\ODBC\170\Tools\Binn\;C:\Program Files (x86)\Windows Kits\10\Windows Performance Toolkit\;C:\Program Files\mingw64\bin;C:\Program Files\Java\jdk-23\bin;C:\Program Files\Java\jdk-23\jre\bin;C:\Program Files\Java\jdk-23\bin;D:\Node.js\;D:\Node.js\node_modules\node_global;C:\Program Files\MySQL\MySQL Server 9.3\bin;D:\git-2.50.1\Git\cmd;C:\Program Files\NVIDIA Corporation\Nsight Compute 2025.3.1\;D:\Cursor\cursor1\resources\app\bin;d:\Trae\bin;C:\Users\suyuluo\AppData\Local\Programs\Python\Launcher\;C:\Users\suyuluo\AppData\Local\Programs\Python\Python313\Scripts\;C:\Users\suyuluo\AppData\Local\Programs\Python\Python313\;C:\Users\suyuluo\AppData\Local\Microsoft\WindowsApps;C:\Users\suyuluo\.dotnet\tools;C:\Program Files\mingw64\bin;C:\Users\suyuluo\AppData\Local\Programs\Microsoft VS Code\bin;D:\anaconda;D:\anaconda\Scripts;D:\anaconda\Library\bin;C:\Program Files\Java\jdk-23\bin;C:\Program Files\Java\jdk-23\jre\bin;C:\Program Files\Java\jdk-23\bin;D:\Node.js\node_global;D:\Node.js\node_global;C:\IntelliJ IDEA Community Edition 2024.3.5\bin;D:\Pycharm\PyCharm 2025.1\bin;D:\Cursor\cursor\resources\app\bin;C:\Users\suyuluo\AppData\Local\GitHubDesktop\bin;C:\Users\劼迾邈\AppData\Local\Programs\Microsoft VS Code\bin
USERNAME=劼迾邈
TERM=dumb
OS=Windows_NT
PROCESSOR_IDENTIFIER=Intel64 Family 6 Model 183 Stepping 1, GenuineIntel
TMP=C:\Users\suyuluo\AppData\Local\Temp
TEMP=C:\Users\suyuluo\AppData\Local\Temp




Periodic native trim disabled

---------------  S Y S T E M  ---------------

OS:
 Windows 11 , 64 bit Build 26100 (10.0.26100.7920)
OS uptime: 5 days 16:48 hours

CPU: total 32 (initial active 32) (16 cores per cpu, 2 threads per core) family 6 model 183 stepping 1 microcode 0x12b, cx8, cmov, fxsr, ht, mmx, 3dnowpref, sse, sse2, sse3, ssse3, sse4.1, sse4.2, popcnt, lzcnt, tsc, tscinvbit, avx, avx2, aes, erms, clmul, bmi1, bmi2, adx, sha, fma, vzeroupper, clflush, clflushopt, clwb, serialize, rdtscp, rdpid, fsrm, gfni, f16c, pku, cet_ibt, cet_ss
Processor Information for processor 0
  Max Mhz: 2200, Current Mhz: 2200, Mhz Limit: 2200
Processor Information for processor 1
  Max Mhz: 2200, Current Mhz: 2200, Mhz Limit: 2200
Processor Information for processor 2
  Max Mhz: 2200, Current Mhz: 2200, Mhz Limit: 2200
Processor Information for processor 3
  Max Mhz: 2200, Current Mhz: 2200, Mhz Limit: 2200
Processor Information for processor 4
  Max Mhz: 2200, Current Mhz: 2200, Mhz Limit: 2200
Processor Information for processor 5
  Max Mhz: 2200, Current Mhz: 2200, Mhz Limit: 2200
Processor Information for processor 6
  Max Mhz: 2200, Current Mhz: 2200, Mhz Limit: 2200
Processor Information for processor 7
  Max Mhz: 2200, Current Mhz: 2200, Mhz Limit: 2200
Processor Information for processor 8
  Max Mhz: 2200, Current Mhz: 2200, Mhz Limit: 2200
Processor Information for processor 9
  Max Mhz: 2200, Current Mhz: 2200, Mhz Limit: 2200
Processor Information for processor 10
  Max Mhz: 2200, Current Mhz: 2200, Mhz Limit: 2200
Processor Information for processor 11
  Max Mhz: 2200, Current Mhz: 2200, Mhz Limit: 2200
Processor Information for processor 12
  Max Mhz: 2200, Current Mhz: 2200, Mhz Limit: 2200
Processor Information for processor 13
  Max Mhz: 2200, Current Mhz: 2200, Mhz Limit: 2200
Processor Information for processor 14
  Max Mhz: 2200, Current Mhz: 2200, Mhz Limit: 2200
Processor Information for processor 15
  Max Mhz: 2200, Current Mhz: 2200, Mhz Limit: 2200
Processor Information for processor 16
  Max Mhz: 2200, Current Mhz: 1600, Mhz Limit: 1584
Processor Information for processor 17
  Max Mhz: 2200, Current Mhz: 1600, Mhz Limit: 1584
Processor Information for processor 18
  Max Mhz: 2200, Current Mhz: 1600, Mhz Limit: 1584
Processor Information for processor 19
  Max Mhz: 2200, Current Mhz: 1600, Mhz Limit: 1584
Processor Information for processor 20
  Max Mhz: 2200, Current Mhz: 1600, Mhz Limit: 1584
Processor Information for processor 21
  Max Mhz: 2200, Current Mhz: 1600, Mhz Limit: 1584
Processor Information for processor 22
  Max Mhz: 2200, Current Mhz: 1600, Mhz Limit: 1584
Processor Information for processor 23
  Max Mhz: 2200, Current Mhz: 1600, Mhz Limit: 1584
Processor Information for processor 24
  Max Mhz: 2200, Current Mhz: 1600, Mhz Limit: 1584
Processor Information for processor 25
  Max Mhz: 2200, Current Mhz: 1600, Mhz Limit: 1584
Processor Information for processor 26
  Max Mhz: 2200, Current Mhz: 1600, Mhz Limit: 1584
Processor Information for processor 27
  Max Mhz: 2200, Current Mhz: 1600, Mhz Limit: 1584
Processor Information for processor 28
  Max Mhz: 2200, Current Mhz: 1600, Mhz Limit: 1584
Processor Information for processor 29
  Max Mhz: 2200, Current Mhz: 1600, Mhz Limit: 1584
Processor Information for processor 30
  Max Mhz: 2200, Current Mhz: 1600, Mhz Limit: 1584
Processor Information for processor 31
  Max Mhz: 2200, Current Mhz: 1600, Mhz Limit: 1584

Memory: 4k page, system-wide physical 16002M (1481M free)
TotalPageFile size 33439M (AvailPageFile size 235M)
current process WorkingSet (physical memory assigned to process): 14M, peak: 14M
current process commit charge ("private bytes"): 87M, peak: 339M

vm_info: Java HotSpot(TM) 64-Bit Server VM (23.0.2+7-58) for windows-amd64 JRE (23.0.2+7-58), built on 2024-11-29T09:34:55Z with MS VC++ 17.6 (VS2022)

END.
